{
  "stats": {
    "suites": 3,
    "tests": 10,
    "passes": 10,
    "pending": 0,
    "failures": 0,
    "start": "2022-05-20T10:44:52.360Z",
    "end": "2022-05-20T10:44:52.943Z",
    "duration": 583,
    "testsRegistered": 10,
    "passPercent": 100,
    "pendingPercent": 0,
    "other": 0,
    "hasOther": false,
    "skipped": 0,
    "hasSkipped": false
  },
  "results": [
    {
      "uuid": "696fc813-cb49-4bfe-819e-6ba5fdf42c85",
      "title": "",
      "fullFile": "",
      "file": "",
      "beforeHooks": [],
      "afterHooks": [],
      "tests": [],
      "suites": [
        {
          "uuid": "8f8a9272-f90f-4fcd-a586-7f7c474d19a7",
          "title": "fhem-log2db",
          "fullFile": "/home/runner/work/fhem-log2db/fhem-log2db/test/lib/index.ts",
          "file": "/test/lib/index.ts",
          "beforeHooks": [],
          "afterHooks": [],
          "tests": [
            {
              "title": "config",
              "fullTitle": "fhem-log2db config",
              "timedOut": false,
              "duration": 69,
              "state": "passed",
              "speed": "medium",
              "pass": true,
              "fail": false,
              "pending": false,
              "context": null,
              "code": "return __awaiter(this, void 0, void 0, function* () {\n    yield (0, lib_1.default)('config', []);\n});",
              "err": {},
              "uuid": "2a80064c-87c4-44fb-9ae7-6ff91a964597",
              "parentUUID": "8f8a9272-f90f-4fcd-a586-7f7c474d19a7",
              "isHook": false,
              "skipped": false
            },
            {
              "title": "sync",
              "fullTitle": "fhem-log2db sync",
              "timedOut": false,
              "duration": 177,
              "state": "passed",
              "speed": "slow",
              "pass": true,
              "fail": false,
              "pending": false,
              "context": null,
              "code": "return __awaiter(this, void 0, void 0, function* () {\n    yield (0, lib_1.default)('sync', []);\n});",
              "err": {},
              "uuid": "3fdced4b-99d2-41de-aa6b-e8e16029e53c",
              "parentUUID": "8f8a9272-f90f-4fcd-a586-7f7c474d19a7",
              "isHook": false,
              "skipped": false
            },
            {
              "title": "clean",
              "fullTitle": "fhem-log2db clean",
              "timedOut": false,
              "duration": 105,
              "state": "passed",
              "speed": "slow",
              "pass": true,
              "fail": false,
              "pending": false,
              "context": null,
              "code": "return __awaiter(this, void 0, void 0, function* () {\n    yield (0, lib_1.default)('clean', []);\n});",
              "err": {},
              "uuid": "33a371f0-8099-469a-94a5-44c583d882cf",
              "parentUUID": "8f8a9272-f90f-4fcd-a586-7f7c474d19a7",
              "isHook": false,
              "skipped": false
            },
            {
              "title": "cron",
              "fullTitle": "fhem-log2db cron",
              "timedOut": false,
              "duration": 131,
              "state": "passed",
              "speed": "slow",
              "pass": true,
              "fail": false,
              "pending": false,
              "context": null,
              "code": "return __awaiter(this, void 0, void 0, function* () {\n    yield (0, lib_1.default)('cron', []);\n});",
              "err": {},
              "uuid": "b5f1c0cd-e9bd-437d-893b-f90af099ac02",
              "parentUUID": "8f8a9272-f90f-4fcd-a586-7f7c474d19a7",
              "isHook": false,
              "skipped": false
            },
            {
              "title": "default",
              "fullTitle": "fhem-log2db default",
              "timedOut": false,
              "duration": 75,
              "state": "passed",
              "speed": "medium",
              "pass": true,
              "fail": false,
              "pending": false,
              "context": null,
              "code": "return __awaiter(this, void 0, void 0, function* () {\n    yield (0, lib_1.default)('-', []);\n});",
              "err": {},
              "uuid": "2d59352f-fc7c-4727-b542-5d51f4f0c839",
              "parentUUID": "8f8a9272-f90f-4fcd-a586-7f7c474d19a7",
              "isHook": false,
              "skipped": false
            }
          ],
          "suites": [
            {
              "uuid": "72f48a84-f8f1-4d41-a81a-14ea9ea49da7",
              "title": "isRunning()",
              "fullFile": "/home/runner/work/fhem-log2db/fhem-log2db/test/lib/index.ts",
              "file": "/test/lib/index.ts",
              "beforeHooks": [],
              "afterHooks": [],
              "tests": [
                {
                  "title": "should work with existing pids",
                  "fullTitle": "fhem-log2db isRunning() should work with existing pids",
                  "timedOut": false,
                  "duration": 0,
                  "state": "passed",
                  "speed": "fast",
                  "pass": true,
                  "fail": false,
                  "pending": false,
                  "context": null,
                  "code": "return __awaiter(this, void 0, void 0, function* () {\n    assert_1.default.equal((0, lib_1.isRunning)(process.pid), true);\n});",
                  "err": {},
                  "uuid": "05e46535-2e9a-48c0-873b-0ec9922c281e",
                  "parentUUID": "72f48a84-f8f1-4d41-a81a-14ea9ea49da7",
                  "isHook": false,
                  "skipped": false
                },
                {
                  "title": "should work with non existing pids",
                  "fullTitle": "fhem-log2db isRunning() should work with non existing pids",
                  "timedOut": false,
                  "duration": 0,
                  "state": "passed",
                  "speed": "fast",
                  "pass": true,
                  "fail": false,
                  "pending": false,
                  "context": null,
                  "code": "return __awaiter(this, void 0, void 0, function* () {\n    assert_1.default.equal((0, lib_1.isRunning)(10000), false);\n});",
                  "err": {},
                  "uuid": "f6611ce8-df0b-4941-a346-1824e1bdaa95",
                  "parentUUID": "72f48a84-f8f1-4d41-a81a-14ea9ea49da7",
                  "isHook": false,
                  "skipped": false
                }
              ],
              "suites": [],
              "passes": [
                "05e46535-2e9a-48c0-873b-0ec9922c281e",
                "f6611ce8-df0b-4941-a346-1824e1bdaa95"
              ],
              "failures": [],
              "pending": [],
              "skipped": [],
              "duration": 0,
              "root": false,
              "rootEmpty": false,
              "_timeout": 30000
            }
          ],
          "passes": [
            "2a80064c-87c4-44fb-9ae7-6ff91a964597",
            "3fdced4b-99d2-41de-aa6b-e8e16029e53c",
            "33a371f0-8099-469a-94a5-44c583d882cf",
            "b5f1c0cd-e9bd-437d-893b-f90af099ac02",
            "2d59352f-fc7c-4727-b542-5d51f4f0c839"
          ],
          "failures": [],
          "pending": [],
          "skipped": [],
          "duration": 557,
          "root": false,
          "rootEmpty": false,
          "_timeout": 30000
        },
        {
          "uuid": "12cab84c-9ce2-40f8-a004-62defeff47f6",
          "title": "parseLine",
          "fullFile": "/home/runner/work/fhem-log2db/fhem-log2db/test/lib/line-parser.ts",
          "file": "/test/lib/line-parser.ts",
          "beforeHooks": [],
          "afterHooks": [],
          "tests": [
            {
              "title": "should work",
              "fullTitle": "parseLine should work",
              "timedOut": false,
              "duration": 1,
              "state": "passed",
              "speed": "fast",
              "pass": true,
              "fail": false,
              "pending": false,
              "context": null,
              "code": "return __awaiter(this, void 0, void 0, function* () {\n    const l = (0, line_parser_1.parseLine)('2022-01-01_02:30:41 ZWave_SENSOR_MULTILEVEL_3 battery: 100');\n    assert.deepStrictEqual(l, {\n        timestamp: new Date('2022-01-01T02:30:41'),\n        device: 'ZWave_SENSOR_MULTILEVEL_3',\n        event: 'battery: 100',\n        reading: 'battery',\n        value: '100',\n        unit: null\n    });\n});",
              "err": {},
              "uuid": "d1bbcf40-df2c-42da-b87c-0a96651b60f7",
              "parentUUID": "12cab84c-9ce2-40f8-a004-62defeff47f6",
              "isHook": false,
              "skipped": false
            },
            {
              "title": "should handle float units",
              "fullTitle": "parseLine should handle float units",
              "timedOut": false,
              "duration": 0,
              "state": "passed",
              "speed": "fast",
              "pass": true,
              "fail": false,
              "pending": false,
              "context": null,
              "code": "return __awaiter(this, void 0, void 0, function* () {\n    const l = (0, line_parser_1.parseLine)('2022-01-01_02:30:41 ZWave_SENSOR_MULTILEVEL_3 battery: 100.0 %');\n    assert.deepStrictEqual(l, {\n        timestamp: new Date('2022-01-01T02:30:41'),\n        device: 'ZWave_SENSOR_MULTILEVEL_3',\n        event: 'battery: 100.0 %',\n        reading: 'battery',\n        value: '100.0',\n        unit: '%'\n    });\n});",
              "err": {},
              "uuid": "4f0e8ab8-371c-4347-aa9b-9c422e671644",
              "parentUUID": "12cab84c-9ce2-40f8-a004-62defeff47f6",
              "isHook": false,
              "skipped": false
            },
            {
              "title": "should handle timestamps",
              "fullTitle": "parseLine should handle timestamps",
              "timedOut": false,
              "duration": 0,
              "state": "passed",
              "speed": "fast",
              "pass": true,
              "fail": false,
              "pending": false,
              "context": null,
              "code": "return __awaiter(this, void 0, void 0, function* () {\n    const l = (0, line_parser_1.parseLine)('2022-01-01_02:30:41 ZWave_SENSOR_MULTILEVEL_3 time: 2022-1-23 16:29:1');\n    assert.deepStrictEqual(l, {\n        timestamp: new Date('2022-01-01T02:30:41'),\n        device: 'ZWave_SENSOR_MULTILEVEL_3',\n        event: 'time: 2022-1-23 16:29:1',\n        reading: 'time',\n        value: '2022-1-23 16:29:1',\n        unit: null\n    });\n});",
              "err": {},
              "uuid": "6ecc2442-fddd-4260-9695-5793f20a4499",
              "parentUUID": "12cab84c-9ce2-40f8-a004-62defeff47f6",
              "isHook": false,
              "skipped": false
            }
          ],
          "suites": [],
          "passes": [
            "d1bbcf40-df2c-42da-b87c-0a96651b60f7",
            "4f0e8ab8-371c-4347-aa9b-9c422e671644",
            "6ecc2442-fddd-4260-9695-5793f20a4499"
          ],
          "failures": [],
          "pending": [],
          "skipped": [],
          "duration": 1,
          "root": false,
          "rootEmpty": false,
          "_timeout": 2000
        }
      ],
      "passes": [],
      "failures": [],
      "pending": [],
      "skipped": [],
      "duration": 0,
      "root": true,
      "rootEmpty": true,
      "_timeout": 2000
    }
  ],
  "meta": {
    "mocha": {
      "version": "10.0.0"
    },
    "mochawesome": {
      "options": {
        "quiet": false,
        "reportFilename": "mochawesome",
        "saveHtml": true,
        "saveJson": true,
        "consoleReporter": "spec",
        "useInlineDiffs": false,
        "code": true
      },
      "version": "7.1.3"
    },
    "marge": {
      "options": null,
      "version": "6.2.0"
    }
  }
}