{
  "stats": {
    "suites": 3,
    "tests": 10,
    "passes": 10,
    "pending": 0,
    "failures": 0,
    "start": "2024-04-09T14:30:59.374Z",
    "end": "2024-04-09T14:30:59.512Z",
    "duration": 138,
    "testsRegistered": 10,
    "passPercent": 100,
    "pendingPercent": 0,
    "other": 0,
    "hasOther": false,
    "skipped": 0,
    "hasSkipped": false
  },
  "results": [
    {
      "uuid": "50f5218c-8b9f-48bb-aaca-8e061a0d43f0",
      "title": "",
      "fullFile": "",
      "file": "",
      "beforeHooks": [],
      "afterHooks": [],
      "tests": [],
      "suites": [
        {
          "uuid": "a4105e8b-cadc-4e75-89cc-b4a4550a6db3",
          "title": "fhem-log2db",
          "fullFile": "/home/runner/work/fhem-log2db/fhem-log2db/test/lib/index.ts",
          "file": "/test/lib/index.ts",
          "beforeHooks": [],
          "afterHooks": [],
          "tests": [
            {
              "title": "config",
              "fullTitle": "fhem-log2db config",
              "timedOut": false,
              "duration": 23,
              "state": "passed",
              "speed": "fast",
              "pass": true,
              "fail": false,
              "pending": false,
              "context": null,
              "code": "return __awaiter(this, void 0, void 0, function* () {\n    yield fhemLog2Db('config', []);\n});",
              "err": {},
              "uuid": "8fb435da-371e-4ba1-a3a3-46d89961e91a",
              "parentUUID": "a4105e8b-cadc-4e75-89cc-b4a4550a6db3",
              "isHook": false,
              "skipped": false
            },
            {
              "title": "sync",
              "fullTitle": "fhem-log2db sync",
              "timedOut": false,
              "duration": 51,
              "state": "passed",
              "speed": "medium",
              "pass": true,
              "fail": false,
              "pending": false,
              "context": null,
              "code": "return __awaiter(this, void 0, void 0, function* () {\n    yield fhemLog2Db('sync', []);\n});",
              "err": {},
              "uuid": "4631ee13-efa1-4e95-b7bb-34afc6f0cbfc",
              "parentUUID": "a4105e8b-cadc-4e75-89cc-b4a4550a6db3",
              "isHook": false,
              "skipped": false
            },
            {
              "title": "clean",
              "fullTitle": "fhem-log2db clean",
              "timedOut": false,
              "duration": 18,
              "state": "passed",
              "speed": "fast",
              "pass": true,
              "fail": false,
              "pending": false,
              "context": null,
              "code": "return __awaiter(this, void 0, void 0, function* () {\n    yield fhemLog2Db('clean', []);\n});",
              "err": {},
              "uuid": "2142ed16-c90a-4e68-a268-692a8b66968f",
              "parentUUID": "a4105e8b-cadc-4e75-89cc-b4a4550a6db3",
              "isHook": false,
              "skipped": false
            },
            {
              "title": "cron",
              "fullTitle": "fhem-log2db cron",
              "timedOut": false,
              "duration": 31,
              "state": "passed",
              "speed": "fast",
              "pass": true,
              "fail": false,
              "pending": false,
              "context": null,
              "code": "return __awaiter(this, void 0, void 0, function* () {\n    yield fhemLog2Db('cron', []);\n});",
              "err": {},
              "uuid": "b4c5622e-5054-431e-b6fd-6638aea970a9",
              "parentUUID": "a4105e8b-cadc-4e75-89cc-b4a4550a6db3",
              "isHook": false,
              "skipped": false
            },
            {
              "title": "default",
              "fullTitle": "fhem-log2db default",
              "timedOut": false,
              "duration": 9,
              "state": "passed",
              "speed": "fast",
              "pass": true,
              "fail": false,
              "pending": false,
              "context": null,
              "code": "return __awaiter(this, void 0, void 0, function* () {\n    yield fhemLog2Db('-', []);\n});",
              "err": {},
              "uuid": "da0e14e9-1cdc-46c2-8ae0-43111db65945",
              "parentUUID": "a4105e8b-cadc-4e75-89cc-b4a4550a6db3",
              "isHook": false,
              "skipped": false
            }
          ],
          "suites": [
            {
              "uuid": "8aa23dc2-d207-4b14-ab01-4c9bb3c66704",
              "title": "isRunning()",
              "fullFile": "/home/runner/work/fhem-log2db/fhem-log2db/test/lib/index.ts",
              "file": "/test/lib/index.ts",
              "beforeHooks": [],
              "afterHooks": [],
              "tests": [
                {
                  "title": "should work with existing pids",
                  "fullTitle": "fhem-log2db isRunning() should work with existing pids",
                  "timedOut": false,
                  "duration": 0,
                  "state": "passed",
                  "speed": "fast",
                  "pass": true,
                  "fail": false,
                  "pending": false,
                  "context": null,
                  "code": "return __awaiter(this, void 0, void 0, function* () {\n    assert.equal(isRunning(process.pid), true);\n});",
                  "err": {},
                  "uuid": "6bb282f6-e8cc-4b0b-adc1-04bbc85e9147",
                  "parentUUID": "8aa23dc2-d207-4b14-ab01-4c9bb3c66704",
                  "isHook": false,
                  "skipped": false
                },
                {
                  "title": "should work with non existing pids",
                  "fullTitle": "fhem-log2db isRunning() should work with non existing pids",
                  "timedOut": false,
                  "duration": 0,
                  "state": "passed",
                  "speed": "fast",
                  "pass": true,
                  "fail": false,
                  "pending": false,
                  "context": null,
                  "code": "return __awaiter(this, void 0, void 0, function* () {\n    assert.equal(isRunning(10000), false);\n});",
                  "err": {},
                  "uuid": "f9e94046-55a4-4875-8dc7-a9521a1de7d0",
                  "parentUUID": "8aa23dc2-d207-4b14-ab01-4c9bb3c66704",
                  "isHook": false,
                  "skipped": false
                }
              ],
              "suites": [],
              "passes": [
                "6bb282f6-e8cc-4b0b-adc1-04bbc85e9147",
                "f9e94046-55a4-4875-8dc7-a9521a1de7d0"
              ],
              "failures": [],
              "pending": [],
              "skipped": [],
              "duration": 0,
              "root": false,
              "rootEmpty": false,
              "_timeout": 30000
            }
          ],
          "passes": [
            "8fb435da-371e-4ba1-a3a3-46d89961e91a",
            "4631ee13-efa1-4e95-b7bb-34afc6f0cbfc",
            "2142ed16-c90a-4e68-a268-692a8b66968f",
            "b4c5622e-5054-431e-b6fd-6638aea970a9",
            "da0e14e9-1cdc-46c2-8ae0-43111db65945"
          ],
          "failures": [],
          "pending": [],
          "skipped": [],
          "duration": 132,
          "root": false,
          "rootEmpty": false,
          "_timeout": 30000
        },
        {
          "uuid": "7e855942-958b-49c9-a987-d2e948491474",
          "title": "parseLine",
          "fullFile": "/home/runner/work/fhem-log2db/fhem-log2db/test/lib/line-parser.ts",
          "file": "/test/lib/line-parser.ts",
          "beforeHooks": [],
          "afterHooks": [],
          "tests": [
            {
              "title": "should work",
              "fullTitle": "parseLine should work",
              "timedOut": false,
              "duration": 1,
              "state": "passed",
              "speed": "fast",
              "pass": true,
              "fail": false,
              "pending": false,
              "context": null,
              "code": "return __awaiter(this, void 0, void 0, function* () {\n    const l = parseLine('2022-01-01_02:30:41 ZWave_SENSOR_MULTILEVEL_3 battery: 100');\n    assert.deepStrictEqual(l, {\n        timestamp: new Date('2022-01-01T02:30:41'),\n        device: 'ZWave_SENSOR_MULTILEVEL_3',\n        event: 'battery: 100',\n        reading: 'battery',\n        value: '100',\n        unit: null\n    });\n});",
              "err": {},
              "uuid": "1105bf70-fc9b-458e-a941-d79dff0410a4",
              "parentUUID": "7e855942-958b-49c9-a987-d2e948491474",
              "isHook": false,
              "skipped": false
            },
            {
              "title": "should handle float units",
              "fullTitle": "parseLine should handle float units",
              "timedOut": false,
              "duration": 0,
              "state": "passed",
              "speed": "fast",
              "pass": true,
              "fail": false,
              "pending": false,
              "context": null,
              "code": "return __awaiter(this, void 0, void 0, function* () {\n    const l = parseLine('2022-01-01_02:30:41 ZWave_SENSOR_MULTILEVEL_3 battery: 100.0 %');\n    assert.deepStrictEqual(l, {\n        timestamp: new Date('2022-01-01T02:30:41'),\n        device: 'ZWave_SENSOR_MULTILEVEL_3',\n        event: 'battery: 100.0 %',\n        reading: 'battery',\n        value: '100.0',\n        unit: '%'\n    });\n});",
              "err": {},
              "uuid": "af566298-9abc-489f-921c-56425bd36aae",
              "parentUUID": "7e855942-958b-49c9-a987-d2e948491474",
              "isHook": false,
              "skipped": false
            },
            {
              "title": "should handle timestamps",
              "fullTitle": "parseLine should handle timestamps",
              "timedOut": false,
              "duration": 1,
              "state": "passed",
              "speed": "fast",
              "pass": true,
              "fail": false,
              "pending": false,
              "context": null,
              "code": "return __awaiter(this, void 0, void 0, function* () {\n    const l = parseLine('2022-01-01_02:30:41 ZWave_SENSOR_MULTILEVEL_3 time: 2022-1-23 16:29:1');\n    assert.deepStrictEqual(l, {\n        timestamp: new Date('2022-01-01T02:30:41'),\n        device: 'ZWave_SENSOR_MULTILEVEL_3',\n        event: 'time: 2022-1-23 16:29:1',\n        reading: 'time',\n        value: '2022-1-23 16:29:1',\n        unit: null\n    });\n});",
              "err": {},
              "uuid": "eb6a3900-0966-4003-8c49-28287349a44c",
              "parentUUID": "7e855942-958b-49c9-a987-d2e948491474",
              "isHook": false,
              "skipped": false
            }
          ],
          "suites": [],
          "passes": [
            "1105bf70-fc9b-458e-a941-d79dff0410a4",
            "af566298-9abc-489f-921c-56425bd36aae",
            "eb6a3900-0966-4003-8c49-28287349a44c"
          ],
          "failures": [],
          "pending": [],
          "skipped": [],
          "duration": 2,
          "root": false,
          "rootEmpty": false,
          "_timeout": 2000
        }
      ],
      "passes": [],
      "failures": [],
      "pending": [],
      "skipped": [],
      "duration": 0,
      "root": true,
      "rootEmpty": true,
      "_timeout": 2000
    }
  ],
  "meta": {
    "mocha": {
      "version": "10.4.0"
    },
    "mochawesome": {
      "options": {
        "quiet": false,
        "reportFilename": "mochawesome",
        "saveHtml": true,
        "saveJson": true,
        "consoleReporter": "spec",
        "useInlineDiffs": false,
        "code": true
      },
      "version": "7.1.3"
    },
    "marge": {
      "options": null,
      "version": "6.2.0"
    }
  }
}