{
  "stats": {
    "suites": 3,
    "tests": 10,
    "passes": 10,
    "pending": 0,
    "failures": 0,
    "start": "2022-07-09T00:17:42.871Z",
    "end": "2022-07-09T00:17:43.402Z",
    "duration": 531,
    "testsRegistered": 10,
    "passPercent": 100,
    "pendingPercent": 0,
    "other": 0,
    "hasOther": false,
    "skipped": 0,
    "hasSkipped": false
  },
  "results": [
    {
      "uuid": "3c70b7f0-c98b-407f-91d7-673086c5bf8d",
      "title": "",
      "fullFile": "",
      "file": "",
      "beforeHooks": [],
      "afterHooks": [],
      "tests": [],
      "suites": [
        {
          "uuid": "f24511f0-5053-4c9f-bcf6-497a971daf21",
          "title": "fhem-log2db",
          "fullFile": "/home/runner/work/fhem-log2db/fhem-log2db/test/lib/index.ts",
          "file": "/test/lib/index.ts",
          "beforeHooks": [],
          "afterHooks": [],
          "tests": [
            {
              "title": "config",
              "fullTitle": "fhem-log2db config",
              "timedOut": false,
              "duration": 62,
              "state": "passed",
              "speed": "medium",
              "pass": true,
              "fail": false,
              "pending": false,
              "context": null,
              "code": "return __awaiter(this, void 0, void 0, function* () {\n    yield (0, lib_1.default)('config', []);\n});",
              "err": {},
              "uuid": "9fbf6a39-bd78-49a7-b710-5ef137175c6d",
              "parentUUID": "f24511f0-5053-4c9f-bcf6-497a971daf21",
              "isHook": false,
              "skipped": false
            },
            {
              "title": "sync",
              "fullTitle": "fhem-log2db sync",
              "timedOut": false,
              "duration": 148,
              "state": "passed",
              "speed": "slow",
              "pass": true,
              "fail": false,
              "pending": false,
              "context": null,
              "code": "return __awaiter(this, void 0, void 0, function* () {\n    yield (0, lib_1.default)('sync', []);\n});",
              "err": {},
              "uuid": "c070bcaf-2583-4d51-890c-89b6be3c4d13",
              "parentUUID": "f24511f0-5053-4c9f-bcf6-497a971daf21",
              "isHook": false,
              "skipped": false
            },
            {
              "title": "clean",
              "fullTitle": "fhem-log2db clean",
              "timedOut": false,
              "duration": 109,
              "state": "passed",
              "speed": "slow",
              "pass": true,
              "fail": false,
              "pending": false,
              "context": null,
              "code": "return __awaiter(this, void 0, void 0, function* () {\n    yield (0, lib_1.default)('clean', []);\n});",
              "err": {},
              "uuid": "7598e42a-0fb4-4859-9b38-5a2caaa6286d",
              "parentUUID": "f24511f0-5053-4c9f-bcf6-497a971daf21",
              "isHook": false,
              "skipped": false
            },
            {
              "title": "cron",
              "fullTitle": "fhem-log2db cron",
              "timedOut": false,
              "duration": 140,
              "state": "passed",
              "speed": "slow",
              "pass": true,
              "fail": false,
              "pending": false,
              "context": null,
              "code": "return __awaiter(this, void 0, void 0, function* () {\n    yield (0, lib_1.default)('cron', []);\n});",
              "err": {},
              "uuid": "e7f98366-eecd-430f-9d8e-b38eae84caa1",
              "parentUUID": "f24511f0-5053-4c9f-bcf6-497a971daf21",
              "isHook": false,
              "skipped": false
            },
            {
              "title": "default",
              "fullTitle": "fhem-log2db default",
              "timedOut": false,
              "duration": 65,
              "state": "passed",
              "speed": "medium",
              "pass": true,
              "fail": false,
              "pending": false,
              "context": null,
              "code": "return __awaiter(this, void 0, void 0, function* () {\n    yield (0, lib_1.default)('-', []);\n});",
              "err": {},
              "uuid": "c7a81516-465c-46eb-84fc-fa743cf5faca",
              "parentUUID": "f24511f0-5053-4c9f-bcf6-497a971daf21",
              "isHook": false,
              "skipped": false
            }
          ],
          "suites": [
            {
              "uuid": "dbd4b4db-0cff-4dad-8c9a-71bf06a130e8",
              "title": "isRunning()",
              "fullFile": "/home/runner/work/fhem-log2db/fhem-log2db/test/lib/index.ts",
              "file": "/test/lib/index.ts",
              "beforeHooks": [],
              "afterHooks": [],
              "tests": [
                {
                  "title": "should work with existing pids",
                  "fullTitle": "fhem-log2db isRunning() should work with existing pids",
                  "timedOut": false,
                  "duration": 0,
                  "state": "passed",
                  "speed": "fast",
                  "pass": true,
                  "fail": false,
                  "pending": false,
                  "context": null,
                  "code": "return __awaiter(this, void 0, void 0, function* () {\n    assert_1.default.equal((0, lib_1.isRunning)(process.pid), true);\n});",
                  "err": {},
                  "uuid": "385bab72-9b01-41c2-83b4-ed40e22cb6dd",
                  "parentUUID": "dbd4b4db-0cff-4dad-8c9a-71bf06a130e8",
                  "isHook": false,
                  "skipped": false
                },
                {
                  "title": "should work with non existing pids",
                  "fullTitle": "fhem-log2db isRunning() should work with non existing pids",
                  "timedOut": false,
                  "duration": 0,
                  "state": "passed",
                  "speed": "fast",
                  "pass": true,
                  "fail": false,
                  "pending": false,
                  "context": null,
                  "code": "return __awaiter(this, void 0, void 0, function* () {\n    assert_1.default.equal((0, lib_1.isRunning)(10000), false);\n});",
                  "err": {},
                  "uuid": "e251f868-376c-48ca-afa2-29d72afda697",
                  "parentUUID": "dbd4b4db-0cff-4dad-8c9a-71bf06a130e8",
                  "isHook": false,
                  "skipped": false
                }
              ],
              "suites": [],
              "passes": [
                "385bab72-9b01-41c2-83b4-ed40e22cb6dd",
                "e251f868-376c-48ca-afa2-29d72afda697"
              ],
              "failures": [],
              "pending": [],
              "skipped": [],
              "duration": 0,
              "root": false,
              "rootEmpty": false,
              "_timeout": 30000
            }
          ],
          "passes": [
            "9fbf6a39-bd78-49a7-b710-5ef137175c6d",
            "c070bcaf-2583-4d51-890c-89b6be3c4d13",
            "7598e42a-0fb4-4859-9b38-5a2caaa6286d",
            "e7f98366-eecd-430f-9d8e-b38eae84caa1",
            "c7a81516-465c-46eb-84fc-fa743cf5faca"
          ],
          "failures": [],
          "pending": [],
          "skipped": [],
          "duration": 524,
          "root": false,
          "rootEmpty": false,
          "_timeout": 30000
        },
        {
          "uuid": "b5ebb244-e645-4980-8a0f-eae9cd5bfd78",
          "title": "parseLine",
          "fullFile": "/home/runner/work/fhem-log2db/fhem-log2db/test/lib/line-parser.ts",
          "file": "/test/lib/line-parser.ts",
          "beforeHooks": [],
          "afterHooks": [],
          "tests": [
            {
              "title": "should work",
              "fullTitle": "parseLine should work",
              "timedOut": false,
              "duration": 1,
              "state": "passed",
              "speed": "fast",
              "pass": true,
              "fail": false,
              "pending": false,
              "context": null,
              "code": "return __awaiter(this, void 0, void 0, function* () {\n    const l = (0, line_parser_1.parseLine)('2022-01-01_02:30:41 ZWave_SENSOR_MULTILEVEL_3 battery: 100');\n    assert.deepStrictEqual(l, {\n        timestamp: new Date('2022-01-01T02:30:41'),\n        device: 'ZWave_SENSOR_MULTILEVEL_3',\n        event: 'battery: 100',\n        reading: 'battery',\n        value: '100',\n        unit: null\n    });\n});",
              "err": {},
              "uuid": "ff55137d-84a6-421d-bab4-7247fc90fa23",
              "parentUUID": "b5ebb244-e645-4980-8a0f-eae9cd5bfd78",
              "isHook": false,
              "skipped": false
            },
            {
              "title": "should handle float units",
              "fullTitle": "parseLine should handle float units",
              "timedOut": false,
              "duration": 0,
              "state": "passed",
              "speed": "fast",
              "pass": true,
              "fail": false,
              "pending": false,
              "context": null,
              "code": "return __awaiter(this, void 0, void 0, function* () {\n    const l = (0, line_parser_1.parseLine)('2022-01-01_02:30:41 ZWave_SENSOR_MULTILEVEL_3 battery: 100.0 %');\n    assert.deepStrictEqual(l, {\n        timestamp: new Date('2022-01-01T02:30:41'),\n        device: 'ZWave_SENSOR_MULTILEVEL_3',\n        event: 'battery: 100.0 %',\n        reading: 'battery',\n        value: '100.0',\n        unit: '%'\n    });\n});",
              "err": {},
              "uuid": "cb0b9484-a278-4fbb-b1ae-3113a12c28bb",
              "parentUUID": "b5ebb244-e645-4980-8a0f-eae9cd5bfd78",
              "isHook": false,
              "skipped": false
            },
            {
              "title": "should handle timestamps",
              "fullTitle": "parseLine should handle timestamps",
              "timedOut": false,
              "duration": 0,
              "state": "passed",
              "speed": "fast",
              "pass": true,
              "fail": false,
              "pending": false,
              "context": null,
              "code": "return __awaiter(this, void 0, void 0, function* () {\n    const l = (0, line_parser_1.parseLine)('2022-01-01_02:30:41 ZWave_SENSOR_MULTILEVEL_3 time: 2022-1-23 16:29:1');\n    assert.deepStrictEqual(l, {\n        timestamp: new Date('2022-01-01T02:30:41'),\n        device: 'ZWave_SENSOR_MULTILEVEL_3',\n        event: 'time: 2022-1-23 16:29:1',\n        reading: 'time',\n        value: '2022-1-23 16:29:1',\n        unit: null\n    });\n});",
              "err": {},
              "uuid": "52bde4a4-c676-4b86-a406-d9f87b3bc87d",
              "parentUUID": "b5ebb244-e645-4980-8a0f-eae9cd5bfd78",
              "isHook": false,
              "skipped": false
            }
          ],
          "suites": [],
          "passes": [
            "ff55137d-84a6-421d-bab4-7247fc90fa23",
            "cb0b9484-a278-4fbb-b1ae-3113a12c28bb",
            "52bde4a4-c676-4b86-a406-d9f87b3bc87d"
          ],
          "failures": [],
          "pending": [],
          "skipped": [],
          "duration": 1,
          "root": false,
          "rootEmpty": false,
          "_timeout": 2000
        }
      ],
      "passes": [],
      "failures": [],
      "pending": [],
      "skipped": [],
      "duration": 0,
      "root": true,
      "rootEmpty": true,
      "_timeout": 2000
    }
  ],
  "meta": {
    "mocha": {
      "version": "10.0.0"
    },
    "mochawesome": {
      "options": {
        "quiet": false,
        "reportFilename": "mochawesome",
        "saveHtml": true,
        "saveJson": true,
        "consoleReporter": "spec",
        "useInlineDiffs": false,
        "code": true
      },
      "version": "7.1.3"
    },
    "marge": {
      "options": null,
      "version": "6.2.0"
    }
  }
}