{
  "stats": {
    "suites": 3,
    "tests": 10,
    "passes": 10,
    "pending": 0,
    "failures": 0,
    "start": "2024-05-02T16:06:50.366Z",
    "end": "2024-05-02T16:06:50.504Z",
    "duration": 138,
    "testsRegistered": 10,
    "passPercent": 100,
    "pendingPercent": 0,
    "other": 0,
    "hasOther": false,
    "skipped": 0,
    "hasSkipped": false
  },
  "results": [
    {
      "uuid": "933c98ff-ef09-485a-95dc-dd343773151b",
      "title": "",
      "fullFile": "",
      "file": "",
      "beforeHooks": [],
      "afterHooks": [],
      "tests": [],
      "suites": [
        {
          "uuid": "5a9341ac-ac97-4916-be26-a5f226abf8d4",
          "title": "fhem-log2db",
          "fullFile": "/home/runner/work/fhem-log2db/fhem-log2db/test/lib/index.ts",
          "file": "/test/lib/index.ts",
          "beforeHooks": [],
          "afterHooks": [],
          "tests": [
            {
              "title": "config",
              "fullTitle": "fhem-log2db config",
              "timedOut": false,
              "duration": 19,
              "state": "passed",
              "speed": "fast",
              "pass": true,
              "fail": false,
              "pending": false,
              "context": null,
              "code": "return __awaiter(this, void 0, void 0, function* () {\n    yield fhemLog2Db('config', []);\n});",
              "err": {},
              "uuid": "8a328da2-5c3a-423d-8834-6dac049017e1",
              "parentUUID": "5a9341ac-ac97-4916-be26-a5f226abf8d4",
              "isHook": false,
              "skipped": false
            },
            {
              "title": "sync",
              "fullTitle": "fhem-log2db sync",
              "timedOut": false,
              "duration": 53,
              "state": "passed",
              "speed": "medium",
              "pass": true,
              "fail": false,
              "pending": false,
              "context": null,
              "code": "return __awaiter(this, void 0, void 0, function* () {\n    yield fhemLog2Db('sync', []);\n});",
              "err": {},
              "uuid": "1f559560-9edc-4659-b5bf-5aa25cd73602",
              "parentUUID": "5a9341ac-ac97-4916-be26-a5f226abf8d4",
              "isHook": false,
              "skipped": false
            },
            {
              "title": "clean",
              "fullTitle": "fhem-log2db clean",
              "timedOut": false,
              "duration": 20,
              "state": "passed",
              "speed": "fast",
              "pass": true,
              "fail": false,
              "pending": false,
              "context": null,
              "code": "return __awaiter(this, void 0, void 0, function* () {\n    yield fhemLog2Db('clean', []);\n});",
              "err": {},
              "uuid": "7101db50-2cc1-40a8-b7fb-024ae0ca9dbe",
              "parentUUID": "5a9341ac-ac97-4916-be26-a5f226abf8d4",
              "isHook": false,
              "skipped": false
            },
            {
              "title": "cron",
              "fullTitle": "fhem-log2db cron",
              "timedOut": false,
              "duration": 32,
              "state": "passed",
              "speed": "fast",
              "pass": true,
              "fail": false,
              "pending": false,
              "context": null,
              "code": "return __awaiter(this, void 0, void 0, function* () {\n    yield fhemLog2Db('cron', []);\n});",
              "err": {},
              "uuid": "bcb34f7e-98c6-486a-9aec-c40c72c24ef7",
              "parentUUID": "5a9341ac-ac97-4916-be26-a5f226abf8d4",
              "isHook": false,
              "skipped": false
            },
            {
              "title": "default",
              "fullTitle": "fhem-log2db default",
              "timedOut": false,
              "duration": 9,
              "state": "passed",
              "speed": "fast",
              "pass": true,
              "fail": false,
              "pending": false,
              "context": null,
              "code": "return __awaiter(this, void 0, void 0, function* () {\n    yield fhemLog2Db('-', []);\n});",
              "err": {},
              "uuid": "3d8e60e2-3c93-41d1-b50a-5d7cba62ce5c",
              "parentUUID": "5a9341ac-ac97-4916-be26-a5f226abf8d4",
              "isHook": false,
              "skipped": false
            }
          ],
          "suites": [
            {
              "uuid": "bbefb848-5da8-41b5-875b-afc6e7e3c64c",
              "title": "isRunning()",
              "fullFile": "/home/runner/work/fhem-log2db/fhem-log2db/test/lib/index.ts",
              "file": "/test/lib/index.ts",
              "beforeHooks": [],
              "afterHooks": [],
              "tests": [
                {
                  "title": "should work with existing pids",
                  "fullTitle": "fhem-log2db isRunning() should work with existing pids",
                  "timedOut": false,
                  "duration": 0,
                  "state": "passed",
                  "speed": "fast",
                  "pass": true,
                  "fail": false,
                  "pending": false,
                  "context": null,
                  "code": "return __awaiter(this, void 0, void 0, function* () {\n    assert.equal(isRunning(process.pid), true);\n});",
                  "err": {},
                  "uuid": "7cb650c4-9e4d-490b-8268-6b2fc99ba300",
                  "parentUUID": "bbefb848-5da8-41b5-875b-afc6e7e3c64c",
                  "isHook": false,
                  "skipped": false
                },
                {
                  "title": "should work with non existing pids",
                  "fullTitle": "fhem-log2db isRunning() should work with non existing pids",
                  "timedOut": false,
                  "duration": 0,
                  "state": "passed",
                  "speed": "fast",
                  "pass": true,
                  "fail": false,
                  "pending": false,
                  "context": null,
                  "code": "return __awaiter(this, void 0, void 0, function* () {\n    assert.equal(isRunning(10000), false);\n});",
                  "err": {},
                  "uuid": "cb51756d-aa32-419e-87c0-67d1719fed37",
                  "parentUUID": "bbefb848-5da8-41b5-875b-afc6e7e3c64c",
                  "isHook": false,
                  "skipped": false
                }
              ],
              "suites": [],
              "passes": [
                "7cb650c4-9e4d-490b-8268-6b2fc99ba300",
                "cb51756d-aa32-419e-87c0-67d1719fed37"
              ],
              "failures": [],
              "pending": [],
              "skipped": [],
              "duration": 0,
              "root": false,
              "rootEmpty": false,
              "_timeout": 30000
            }
          ],
          "passes": [
            "8a328da2-5c3a-423d-8834-6dac049017e1",
            "1f559560-9edc-4659-b5bf-5aa25cd73602",
            "7101db50-2cc1-40a8-b7fb-024ae0ca9dbe",
            "bcb34f7e-98c6-486a-9aec-c40c72c24ef7",
            "3d8e60e2-3c93-41d1-b50a-5d7cba62ce5c"
          ],
          "failures": [],
          "pending": [],
          "skipped": [],
          "duration": 133,
          "root": false,
          "rootEmpty": false,
          "_timeout": 30000
        },
        {
          "uuid": "bb99d2d3-c53c-4c13-9bfe-03429ade9248",
          "title": "parseLine",
          "fullFile": "/home/runner/work/fhem-log2db/fhem-log2db/test/lib/line-parser.ts",
          "file": "/test/lib/line-parser.ts",
          "beforeHooks": [],
          "afterHooks": [],
          "tests": [
            {
              "title": "should work",
              "fullTitle": "parseLine should work",
              "timedOut": false,
              "duration": 1,
              "state": "passed",
              "speed": "fast",
              "pass": true,
              "fail": false,
              "pending": false,
              "context": null,
              "code": "return __awaiter(this, void 0, void 0, function* () {\n    const l = parseLine('2022-01-01_02:30:41 ZWave_SENSOR_MULTILEVEL_3 battery: 100');\n    assert.deepStrictEqual(l, {\n        timestamp: new Date('2022-01-01T02:30:41'),\n        device: 'ZWave_SENSOR_MULTILEVEL_3',\n        event: 'battery: 100',\n        reading: 'battery',\n        value: '100',\n        unit: null\n    });\n});",
              "err": {},
              "uuid": "87c85810-1369-4274-a2ea-b98716f9735f",
              "parentUUID": "bb99d2d3-c53c-4c13-9bfe-03429ade9248",
              "isHook": false,
              "skipped": false
            },
            {
              "title": "should handle float units",
              "fullTitle": "parseLine should handle float units",
              "timedOut": false,
              "duration": 0,
              "state": "passed",
              "speed": "fast",
              "pass": true,
              "fail": false,
              "pending": false,
              "context": null,
              "code": "return __awaiter(this, void 0, void 0, function* () {\n    const l = parseLine('2022-01-01_02:30:41 ZWave_SENSOR_MULTILEVEL_3 battery: 100.0 %');\n    assert.deepStrictEqual(l, {\n        timestamp: new Date('2022-01-01T02:30:41'),\n        device: 'ZWave_SENSOR_MULTILEVEL_3',\n        event: 'battery: 100.0 %',\n        reading: 'battery',\n        value: '100.0',\n        unit: '%'\n    });\n});",
              "err": {},
              "uuid": "dea89c6a-6df5-4f3d-b2e4-c78989d1b67e",
              "parentUUID": "bb99d2d3-c53c-4c13-9bfe-03429ade9248",
              "isHook": false,
              "skipped": false
            },
            {
              "title": "should handle timestamps",
              "fullTitle": "parseLine should handle timestamps",
              "timedOut": false,
              "duration": 0,
              "state": "passed",
              "speed": "fast",
              "pass": true,
              "fail": false,
              "pending": false,
              "context": null,
              "code": "return __awaiter(this, void 0, void 0, function* () {\n    const l = parseLine('2022-01-01_02:30:41 ZWave_SENSOR_MULTILEVEL_3 time: 2022-1-23 16:29:1');\n    assert.deepStrictEqual(l, {\n        timestamp: new Date('2022-01-01T02:30:41'),\n        device: 'ZWave_SENSOR_MULTILEVEL_3',\n        event: 'time: 2022-1-23 16:29:1',\n        reading: 'time',\n        value: '2022-1-23 16:29:1',\n        unit: null\n    });\n});",
              "err": {},
              "uuid": "340d0539-87a8-4c9c-8711-dacd3f3f0416",
              "parentUUID": "bb99d2d3-c53c-4c13-9bfe-03429ade9248",
              "isHook": false,
              "skipped": false
            }
          ],
          "suites": [],
          "passes": [
            "87c85810-1369-4274-a2ea-b98716f9735f",
            "dea89c6a-6df5-4f3d-b2e4-c78989d1b67e",
            "340d0539-87a8-4c9c-8711-dacd3f3f0416"
          ],
          "failures": [],
          "pending": [],
          "skipped": [],
          "duration": 1,
          "root": false,
          "rootEmpty": false,
          "_timeout": 2000
        }
      ],
      "passes": [],
      "failures": [],
      "pending": [],
      "skipped": [],
      "duration": 0,
      "root": true,
      "rootEmpty": true,
      "_timeout": 2000
    }
  ],
  "meta": {
    "mocha": {
      "version": "10.4.0"
    },
    "mochawesome": {
      "options": {
        "quiet": false,
        "reportFilename": "mochawesome",
        "saveHtml": true,
        "saveJson": true,
        "consoleReporter": "spec",
        "useInlineDiffs": false,
        "code": true
      },
      "version": "7.1.3"
    },
    "marge": {
      "options": null,
      "version": "6.2.0"
    }
  }
}