{
  "stats": {
    "suites": 3,
    "tests": 10,
    "passes": 10,
    "pending": 0,
    "failures": 0,
    "start": "2023-05-16T19:16:30.052Z",
    "end": "2023-05-16T19:16:30.299Z",
    "duration": 247,
    "testsRegistered": 10,
    "passPercent": 100,
    "pendingPercent": 0,
    "other": 0,
    "hasOther": false,
    "skipped": 0,
    "hasSkipped": false
  },
  "results": [
    {
      "uuid": "a44ab0e3-4d7d-454f-8bc0-878d666890e2",
      "title": "",
      "fullFile": "",
      "file": "",
      "beforeHooks": [],
      "afterHooks": [],
      "tests": [],
      "suites": [
        {
          "uuid": "9b866003-8d99-445c-8aca-2647fd9bba25",
          "title": "fhem-log2db",
          "fullFile": "/home/runner/work/fhem-log2db/fhem-log2db/test/lib/index.ts",
          "file": "/test/lib/index.ts",
          "beforeHooks": [],
          "afterHooks": [],
          "tests": [
            {
              "title": "config",
              "fullTitle": "fhem-log2db config",
              "timedOut": false,
              "duration": 43,
              "state": "passed",
              "speed": "medium",
              "pass": true,
              "fail": false,
              "pending": false,
              "context": null,
              "code": "return __awaiter(this, void 0, void 0, function* () {\n    yield fhemLog2Db('config', []);\n});",
              "err": {},
              "uuid": "89a00c51-a950-4fb9-857e-96e1cfe88810",
              "parentUUID": "9b866003-8d99-445c-8aca-2647fd9bba25",
              "isHook": false,
              "skipped": false
            },
            {
              "title": "sync",
              "fullTitle": "fhem-log2db sync",
              "timedOut": false,
              "duration": 99,
              "state": "passed",
              "speed": "slow",
              "pass": true,
              "fail": false,
              "pending": false,
              "context": null,
              "code": "return __awaiter(this, void 0, void 0, function* () {\n    yield fhemLog2Db('sync', []);\n});",
              "err": {},
              "uuid": "a8124238-2749-4308-bfbc-fe43376bda87",
              "parentUUID": "9b866003-8d99-445c-8aca-2647fd9bba25",
              "isHook": false,
              "skipped": false
            },
            {
              "title": "clean",
              "fullTitle": "fhem-log2db clean",
              "timedOut": false,
              "duration": 28,
              "state": "passed",
              "speed": "fast",
              "pass": true,
              "fail": false,
              "pending": false,
              "context": null,
              "code": "return __awaiter(this, void 0, void 0, function* () {\n    yield fhemLog2Db('clean', []);\n});",
              "err": {},
              "uuid": "0fd3c10e-0b76-4e9d-a91c-51f42aeb94c6",
              "parentUUID": "9b866003-8d99-445c-8aca-2647fd9bba25",
              "isHook": false,
              "skipped": false
            },
            {
              "title": "cron",
              "fullTitle": "fhem-log2db cron",
              "timedOut": false,
              "duration": 55,
              "state": "passed",
              "speed": "medium",
              "pass": true,
              "fail": false,
              "pending": false,
              "context": null,
              "code": "return __awaiter(this, void 0, void 0, function* () {\n    yield fhemLog2Db('cron', []);\n});",
              "err": {},
              "uuid": "614ea7f8-3afa-4d7b-b02f-74856e356c89",
              "parentUUID": "9b866003-8d99-445c-8aca-2647fd9bba25",
              "isHook": false,
              "skipped": false
            },
            {
              "title": "default",
              "fullTitle": "fhem-log2db default",
              "timedOut": false,
              "duration": 14,
              "state": "passed",
              "speed": "fast",
              "pass": true,
              "fail": false,
              "pending": false,
              "context": null,
              "code": "return __awaiter(this, void 0, void 0, function* () {\n    yield fhemLog2Db('-', []);\n});",
              "err": {},
              "uuid": "9b43cec8-c9aa-41a6-bd6e-5c62a8e1e519",
              "parentUUID": "9b866003-8d99-445c-8aca-2647fd9bba25",
              "isHook": false,
              "skipped": false
            }
          ],
          "suites": [
            {
              "uuid": "30fa6e58-b06e-4df5-a4fd-ad29c161a236",
              "title": "isRunning()",
              "fullFile": "/home/runner/work/fhem-log2db/fhem-log2db/test/lib/index.ts",
              "file": "/test/lib/index.ts",
              "beforeHooks": [],
              "afterHooks": [],
              "tests": [
                {
                  "title": "should work with existing pids",
                  "fullTitle": "fhem-log2db isRunning() should work with existing pids",
                  "timedOut": false,
                  "duration": 1,
                  "state": "passed",
                  "speed": "fast",
                  "pass": true,
                  "fail": false,
                  "pending": false,
                  "context": null,
                  "code": "return __awaiter(this, void 0, void 0, function* () {\n    assert.equal(isRunning(process.pid), true);\n});",
                  "err": {},
                  "uuid": "dded2ecd-2b16-4a67-b772-81598494d299",
                  "parentUUID": "30fa6e58-b06e-4df5-a4fd-ad29c161a236",
                  "isHook": false,
                  "skipped": false
                },
                {
                  "title": "should work with non existing pids",
                  "fullTitle": "fhem-log2db isRunning() should work with non existing pids",
                  "timedOut": false,
                  "duration": 0,
                  "state": "passed",
                  "speed": "fast",
                  "pass": true,
                  "fail": false,
                  "pending": false,
                  "context": null,
                  "code": "return __awaiter(this, void 0, void 0, function* () {\n    assert.equal(isRunning(10000), false);\n});",
                  "err": {},
                  "uuid": "bf2aa146-b52f-459e-a56b-d055bf302127",
                  "parentUUID": "30fa6e58-b06e-4df5-a4fd-ad29c161a236",
                  "isHook": false,
                  "skipped": false
                }
              ],
              "suites": [],
              "passes": [
                "dded2ecd-2b16-4a67-b772-81598494d299",
                "bf2aa146-b52f-459e-a56b-d055bf302127"
              ],
              "failures": [],
              "pending": [],
              "skipped": [],
              "duration": 1,
              "root": false,
              "rootEmpty": false,
              "_timeout": 30000
            }
          ],
          "passes": [
            "89a00c51-a950-4fb9-857e-96e1cfe88810",
            "a8124238-2749-4308-bfbc-fe43376bda87",
            "0fd3c10e-0b76-4e9d-a91c-51f42aeb94c6",
            "614ea7f8-3afa-4d7b-b02f-74856e356c89",
            "9b43cec8-c9aa-41a6-bd6e-5c62a8e1e519"
          ],
          "failures": [],
          "pending": [],
          "skipped": [],
          "duration": 239,
          "root": false,
          "rootEmpty": false,
          "_timeout": 30000
        },
        {
          "uuid": "cb82a05d-9e8f-4dea-9919-d6896b9dd99a",
          "title": "parseLine",
          "fullFile": "/home/runner/work/fhem-log2db/fhem-log2db/test/lib/line-parser.ts",
          "file": "/test/lib/line-parser.ts",
          "beforeHooks": [],
          "afterHooks": [],
          "tests": [
            {
              "title": "should work",
              "fullTitle": "parseLine should work",
              "timedOut": false,
              "duration": 1,
              "state": "passed",
              "speed": "fast",
              "pass": true,
              "fail": false,
              "pending": false,
              "context": null,
              "code": "return __awaiter(this, void 0, void 0, function* () {\n    const l = parseLine('2022-01-01_02:30:41 ZWave_SENSOR_MULTILEVEL_3 battery: 100');\n    assert.deepStrictEqual(l, {\n        timestamp: new Date('2022-01-01T02:30:41'),\n        device: 'ZWave_SENSOR_MULTILEVEL_3',\n        event: 'battery: 100',\n        reading: 'battery',\n        value: '100',\n        unit: null\n    });\n});",
              "err": {},
              "uuid": "a01765b4-9923-43c3-a7e8-c722fea66244",
              "parentUUID": "cb82a05d-9e8f-4dea-9919-d6896b9dd99a",
              "isHook": false,
              "skipped": false
            },
            {
              "title": "should handle float units",
              "fullTitle": "parseLine should handle float units",
              "timedOut": false,
              "duration": 0,
              "state": "passed",
              "speed": "fast",
              "pass": true,
              "fail": false,
              "pending": false,
              "context": null,
              "code": "return __awaiter(this, void 0, void 0, function* () {\n    const l = parseLine('2022-01-01_02:30:41 ZWave_SENSOR_MULTILEVEL_3 battery: 100.0 %');\n    assert.deepStrictEqual(l, {\n        timestamp: new Date('2022-01-01T02:30:41'),\n        device: 'ZWave_SENSOR_MULTILEVEL_3',\n        event: 'battery: 100.0 %',\n        reading: 'battery',\n        value: '100.0',\n        unit: '%'\n    });\n});",
              "err": {},
              "uuid": "01efdf25-535c-4205-9f41-0ba563ecf092",
              "parentUUID": "cb82a05d-9e8f-4dea-9919-d6896b9dd99a",
              "isHook": false,
              "skipped": false
            },
            {
              "title": "should handle timestamps",
              "fullTitle": "parseLine should handle timestamps",
              "timedOut": false,
              "duration": 0,
              "state": "passed",
              "speed": "fast",
              "pass": true,
              "fail": false,
              "pending": false,
              "context": null,
              "code": "return __awaiter(this, void 0, void 0, function* () {\n    const l = parseLine('2022-01-01_02:30:41 ZWave_SENSOR_MULTILEVEL_3 time: 2022-1-23 16:29:1');\n    assert.deepStrictEqual(l, {\n        timestamp: new Date('2022-01-01T02:30:41'),\n        device: 'ZWave_SENSOR_MULTILEVEL_3',\n        event: 'time: 2022-1-23 16:29:1',\n        reading: 'time',\n        value: '2022-1-23 16:29:1',\n        unit: null\n    });\n});",
              "err": {},
              "uuid": "0dd7e419-6726-43ba-8cf0-a6b2d69f0314",
              "parentUUID": "cb82a05d-9e8f-4dea-9919-d6896b9dd99a",
              "isHook": false,
              "skipped": false
            }
          ],
          "suites": [],
          "passes": [
            "a01765b4-9923-43c3-a7e8-c722fea66244",
            "01efdf25-535c-4205-9f41-0ba563ecf092",
            "0dd7e419-6726-43ba-8cf0-a6b2d69f0314"
          ],
          "failures": [],
          "pending": [],
          "skipped": [],
          "duration": 1,
          "root": false,
          "rootEmpty": false,
          "_timeout": 2000
        }
      ],
      "passes": [],
      "failures": [],
      "pending": [],
      "skipped": [],
      "duration": 0,
      "root": true,
      "rootEmpty": true,
      "_timeout": 2000
    }
  ],
  "meta": {
    "mocha": {
      "version": "10.2.0"
    },
    "mochawesome": {
      "options": {
        "quiet": false,
        "reportFilename": "mochawesome",
        "saveHtml": true,
        "saveJson": true,
        "consoleReporter": "spec",
        "useInlineDiffs": false,
        "code": true
      },
      "version": "7.1.3"
    },
    "marge": {
      "options": null,
      "version": "6.2.0"
    }
  }
}