{
  "stats": {
    "suites": 3,
    "tests": 10,
    "passes": 10,
    "pending": 0,
    "failures": 0,
    "start": "2024-07-30T21:03:32.887Z",
    "end": "2024-07-30T21:03:33.016Z",
    "duration": 129,
    "testsRegistered": 10,
    "passPercent": 100,
    "pendingPercent": 0,
    "other": 0,
    "hasOther": false,
    "skipped": 0,
    "hasSkipped": false
  },
  "results": [
    {
      "uuid": "ab5d27b2-6c6a-4e19-a4ff-4aba155271e0",
      "title": "",
      "fullFile": "",
      "file": "",
      "beforeHooks": [],
      "afterHooks": [],
      "tests": [],
      "suites": [
        {
          "uuid": "13e3ea1a-dc4b-44e5-b450-e971fe61b990",
          "title": "fhem-log2db",
          "fullFile": "/home/runner/work/fhem-log2db/fhem-log2db/test/lib/index.ts",
          "file": "/test/lib/index.ts",
          "beforeHooks": [],
          "afterHooks": [],
          "tests": [
            {
              "title": "config",
              "fullTitle": "fhem-log2db config",
              "timedOut": false,
              "duration": 19,
              "state": "passed",
              "speed": "fast",
              "pass": true,
              "fail": false,
              "pending": false,
              "context": null,
              "code": "await fhemLog2Db('config', []);",
              "err": {},
              "uuid": "56fbc6b7-f43b-483d-86f1-6a68ad448959",
              "parentUUID": "13e3ea1a-dc4b-44e5-b450-e971fe61b990",
              "isHook": false,
              "skipped": false
            },
            {
              "title": "sync",
              "fullTitle": "fhem-log2db sync",
              "timedOut": false,
              "duration": 47,
              "state": "passed",
              "speed": "medium",
              "pass": true,
              "fail": false,
              "pending": false,
              "context": null,
              "code": "await fhemLog2Db('sync', []);",
              "err": {},
              "uuid": "4df3aa74-d906-4eef-9573-dd706a8675c9",
              "parentUUID": "13e3ea1a-dc4b-44e5-b450-e971fe61b990",
              "isHook": false,
              "skipped": false
            },
            {
              "title": "clean",
              "fullTitle": "fhem-log2db clean",
              "timedOut": false,
              "duration": 18,
              "state": "passed",
              "speed": "fast",
              "pass": true,
              "fail": false,
              "pending": false,
              "context": null,
              "code": "await fhemLog2Db('clean', []);",
              "err": {},
              "uuid": "e96892ce-ee89-4cc7-845f-c8a738a56df3",
              "parentUUID": "13e3ea1a-dc4b-44e5-b450-e971fe61b990",
              "isHook": false,
              "skipped": false
            },
            {
              "title": "cron",
              "fullTitle": "fhem-log2db cron",
              "timedOut": false,
              "duration": 30,
              "state": "passed",
              "speed": "fast",
              "pass": true,
              "fail": false,
              "pending": false,
              "context": null,
              "code": "await fhemLog2Db('cron', []);",
              "err": {},
              "uuid": "8e0d8aeb-c7a7-424d-ac75-bd62d27b80c0",
              "parentUUID": "13e3ea1a-dc4b-44e5-b450-e971fe61b990",
              "isHook": false,
              "skipped": false
            },
            {
              "title": "default",
              "fullTitle": "fhem-log2db default",
              "timedOut": false,
              "duration": 9,
              "state": "passed",
              "speed": "fast",
              "pass": true,
              "fail": false,
              "pending": false,
              "context": null,
              "code": "await fhemLog2Db('-', []);",
              "err": {},
              "uuid": "607ecd19-7096-4045-a4db-46880c518594",
              "parentUUID": "13e3ea1a-dc4b-44e5-b450-e971fe61b990",
              "isHook": false,
              "skipped": false
            }
          ],
          "suites": [
            {
              "uuid": "ecee268e-2a42-4242-879b-4622d7f12efb",
              "title": "isRunning()",
              "fullFile": "/home/runner/work/fhem-log2db/fhem-log2db/test/lib/index.ts",
              "file": "/test/lib/index.ts",
              "beforeHooks": [],
              "afterHooks": [],
              "tests": [
                {
                  "title": "should work with existing pids",
                  "fullTitle": "fhem-log2db isRunning() should work with existing pids",
                  "timedOut": false,
                  "duration": 0,
                  "state": "passed",
                  "speed": "fast",
                  "pass": true,
                  "fail": false,
                  "pending": false,
                  "context": null,
                  "code": "assert.equal(isRunning(process.pid), true);",
                  "err": {},
                  "uuid": "853d6de1-5394-4eab-8f7f-8022d54ffacc",
                  "parentUUID": "ecee268e-2a42-4242-879b-4622d7f12efb",
                  "isHook": false,
                  "skipped": false
                },
                {
                  "title": "should work with non existing pids",
                  "fullTitle": "fhem-log2db isRunning() should work with non existing pids",
                  "timedOut": false,
                  "duration": 0,
                  "state": "passed",
                  "speed": "fast",
                  "pass": true,
                  "fail": false,
                  "pending": false,
                  "context": null,
                  "code": "assert.equal(isRunning(10000), false);",
                  "err": {},
                  "uuid": "b8f0758f-a6e4-4a18-9044-d94920c3fafb",
                  "parentUUID": "ecee268e-2a42-4242-879b-4622d7f12efb",
                  "isHook": false,
                  "skipped": false
                }
              ],
              "suites": [],
              "passes": [
                "853d6de1-5394-4eab-8f7f-8022d54ffacc",
                "b8f0758f-a6e4-4a18-9044-d94920c3fafb"
              ],
              "failures": [],
              "pending": [],
              "skipped": [],
              "duration": 0,
              "root": false,
              "rootEmpty": false,
              "_timeout": 30000
            }
          ],
          "passes": [
            "56fbc6b7-f43b-483d-86f1-6a68ad448959",
            "4df3aa74-d906-4eef-9573-dd706a8675c9",
            "e96892ce-ee89-4cc7-845f-c8a738a56df3",
            "8e0d8aeb-c7a7-424d-ac75-bd62d27b80c0",
            "607ecd19-7096-4045-a4db-46880c518594"
          ],
          "failures": [],
          "pending": [],
          "skipped": [],
          "duration": 123,
          "root": false,
          "rootEmpty": false,
          "_timeout": 30000
        },
        {
          "uuid": "5e983ebb-6ab2-41a6-a327-b7318be14192",
          "title": "parseLine",
          "fullFile": "/home/runner/work/fhem-log2db/fhem-log2db/test/lib/line-parser.ts",
          "file": "/test/lib/line-parser.ts",
          "beforeHooks": [],
          "afterHooks": [],
          "tests": [
            {
              "title": "should work",
              "fullTitle": "parseLine should work",
              "timedOut": false,
              "duration": 1,
              "state": "passed",
              "speed": "fast",
              "pass": true,
              "fail": false,
              "pending": false,
              "context": null,
              "code": "const l = parseLine('2022-01-01_02:30:41 ZWave_SENSOR_MULTILEVEL_3 battery: 100');\nassert.deepStrictEqual(l, {\n    timestamp: new Date('2022-01-01T02:30:41'),\n    device: 'ZWave_SENSOR_MULTILEVEL_3',\n    event: 'battery: 100',\n    reading: 'battery',\n    value: '100',\n    unit: null\n});",
              "err": {},
              "uuid": "d49dcc4e-abb9-4710-a3fe-363bbb4e98a8",
              "parentUUID": "5e983ebb-6ab2-41a6-a327-b7318be14192",
              "isHook": false,
              "skipped": false
            },
            {
              "title": "should handle float units",
              "fullTitle": "parseLine should handle float units",
              "timedOut": false,
              "duration": 0,
              "state": "passed",
              "speed": "fast",
              "pass": true,
              "fail": false,
              "pending": false,
              "context": null,
              "code": "const l = parseLine('2022-01-01_02:30:41 ZWave_SENSOR_MULTILEVEL_3 battery: 100.0 %');\nassert.deepStrictEqual(l, {\n    timestamp: new Date('2022-01-01T02:30:41'),\n    device: 'ZWave_SENSOR_MULTILEVEL_3',\n    event: 'battery: 100.0 %',\n    reading: 'battery',\n    value: '100.0',\n    unit: '%'\n});",
              "err": {},
              "uuid": "a1300f62-de83-467e-b650-63efc42d9cf3",
              "parentUUID": "5e983ebb-6ab2-41a6-a327-b7318be14192",
              "isHook": false,
              "skipped": false
            },
            {
              "title": "should handle timestamps",
              "fullTitle": "parseLine should handle timestamps",
              "timedOut": false,
              "duration": 0,
              "state": "passed",
              "speed": "fast",
              "pass": true,
              "fail": false,
              "pending": false,
              "context": null,
              "code": "const l = parseLine('2022-01-01_02:30:41 ZWave_SENSOR_MULTILEVEL_3 time: 2022-1-23 16:29:1');\nassert.deepStrictEqual(l, {\n    timestamp: new Date('2022-01-01T02:30:41'),\n    device: 'ZWave_SENSOR_MULTILEVEL_3',\n    event: 'time: 2022-1-23 16:29:1',\n    reading: 'time',\n    value: '2022-1-23 16:29:1',\n    unit: null\n});",
              "err": {},
              "uuid": "5628bd27-77eb-4a21-95ec-5070480cd886",
              "parentUUID": "5e983ebb-6ab2-41a6-a327-b7318be14192",
              "isHook": false,
              "skipped": false
            }
          ],
          "suites": [],
          "passes": [
            "d49dcc4e-abb9-4710-a3fe-363bbb4e98a8",
            "a1300f62-de83-467e-b650-63efc42d9cf3",
            "5628bd27-77eb-4a21-95ec-5070480cd886"
          ],
          "failures": [],
          "pending": [],
          "skipped": [],
          "duration": 1,
          "root": false,
          "rootEmpty": false,
          "_timeout": 2000
        }
      ],
      "passes": [],
      "failures": [],
      "pending": [],
      "skipped": [],
      "duration": 0,
      "root": true,
      "rootEmpty": true,
      "_timeout": 2000
    }
  ],
  "meta": {
    "mocha": {
      "version": "10.7.0"
    },
    "mochawesome": {
      "options": {
        "quiet": false,
        "reportFilename": "mochawesome",
        "saveHtml": true,
        "saveJson": true,
        "consoleReporter": "spec",
        "useInlineDiffs": false,
        "code": true
      },
      "version": "7.1.3"
    },
    "marge": {
      "options": null,
      "version": "6.2.0"
    }
  }
}