{
  "stats": {
    "suites": 3,
    "tests": 10,
    "passes": 10,
    "pending": 0,
    "failures": 0,
    "start": "2022-07-16T17:38:42.491Z",
    "end": "2022-07-16T17:38:43.200Z",
    "duration": 709,
    "testsRegistered": 10,
    "passPercent": 100,
    "pendingPercent": 0,
    "other": 0,
    "hasOther": false,
    "skipped": 0,
    "hasSkipped": false
  },
  "results": [
    {
      "uuid": "935753f2-fd0b-411c-8f3e-25e5bfaf73ce",
      "title": "",
      "fullFile": "",
      "file": "",
      "beforeHooks": [],
      "afterHooks": [],
      "tests": [],
      "suites": [
        {
          "uuid": "8244bfd5-b072-48fb-815c-f2bc65e08fee",
          "title": "fhem-log2db",
          "fullFile": "/home/runner/work/fhem-log2db/fhem-log2db/test/lib/index.ts",
          "file": "/test/lib/index.ts",
          "beforeHooks": [],
          "afterHooks": [],
          "tests": [
            {
              "title": "config",
              "fullTitle": "fhem-log2db config",
              "timedOut": false,
              "duration": 82,
              "state": "passed",
              "speed": "slow",
              "pass": true,
              "fail": false,
              "pending": false,
              "context": null,
              "code": "return __awaiter(this, void 0, void 0, function* () {\n    yield (0, lib_1.default)('config', []);\n});",
              "err": {},
              "uuid": "0fd0c8f2-387b-46c3-b974-e110e93f82b8",
              "parentUUID": "8244bfd5-b072-48fb-815c-f2bc65e08fee",
              "isHook": false,
              "skipped": false
            },
            {
              "title": "sync",
              "fullTitle": "fhem-log2db sync",
              "timedOut": false,
              "duration": 200,
              "state": "passed",
              "speed": "slow",
              "pass": true,
              "fail": false,
              "pending": false,
              "context": null,
              "code": "return __awaiter(this, void 0, void 0, function* () {\n    yield (0, lib_1.default)('sync', []);\n});",
              "err": {},
              "uuid": "649c0e25-30c5-492c-8c23-da149664484c",
              "parentUUID": "8244bfd5-b072-48fb-815c-f2bc65e08fee",
              "isHook": false,
              "skipped": false
            },
            {
              "title": "clean",
              "fullTitle": "fhem-log2db clean",
              "timedOut": false,
              "duration": 146,
              "state": "passed",
              "speed": "slow",
              "pass": true,
              "fail": false,
              "pending": false,
              "context": null,
              "code": "return __awaiter(this, void 0, void 0, function* () {\n    yield (0, lib_1.default)('clean', []);\n});",
              "err": {},
              "uuid": "e00a4ca3-eb19-45a8-8d1d-b50c525ab6d8",
              "parentUUID": "8244bfd5-b072-48fb-815c-f2bc65e08fee",
              "isHook": false,
              "skipped": false
            },
            {
              "title": "cron",
              "fullTitle": "fhem-log2db cron",
              "timedOut": false,
              "duration": 185,
              "state": "passed",
              "speed": "slow",
              "pass": true,
              "fail": false,
              "pending": false,
              "context": null,
              "code": "return __awaiter(this, void 0, void 0, function* () {\n    yield (0, lib_1.default)('cron', []);\n});",
              "err": {},
              "uuid": "ded674f6-0580-4cfc-80e9-536e93ff6fdc",
              "parentUUID": "8244bfd5-b072-48fb-815c-f2bc65e08fee",
              "isHook": false,
              "skipped": false
            },
            {
              "title": "default",
              "fullTitle": "fhem-log2db default",
              "timedOut": false,
              "duration": 90,
              "state": "passed",
              "speed": "slow",
              "pass": true,
              "fail": false,
              "pending": false,
              "context": null,
              "code": "return __awaiter(this, void 0, void 0, function* () {\n    yield (0, lib_1.default)('-', []);\n});",
              "err": {},
              "uuid": "6d7847db-cfbf-49fe-862c-28c311a6058b",
              "parentUUID": "8244bfd5-b072-48fb-815c-f2bc65e08fee",
              "isHook": false,
              "skipped": false
            }
          ],
          "suites": [
            {
              "uuid": "0394da6a-04e0-46a8-9108-cbed30190972",
              "title": "isRunning()",
              "fullFile": "/home/runner/work/fhem-log2db/fhem-log2db/test/lib/index.ts",
              "file": "/test/lib/index.ts",
              "beforeHooks": [],
              "afterHooks": [],
              "tests": [
                {
                  "title": "should work with existing pids",
                  "fullTitle": "fhem-log2db isRunning() should work with existing pids",
                  "timedOut": false,
                  "duration": 0,
                  "state": "passed",
                  "speed": "fast",
                  "pass": true,
                  "fail": false,
                  "pending": false,
                  "context": null,
                  "code": "return __awaiter(this, void 0, void 0, function* () {\n    assert_1.default.equal((0, lib_1.isRunning)(process.pid), true);\n});",
                  "err": {},
                  "uuid": "9bfb2c3e-d571-4bc8-8ffb-8726b9cf0229",
                  "parentUUID": "0394da6a-04e0-46a8-9108-cbed30190972",
                  "isHook": false,
                  "skipped": false
                },
                {
                  "title": "should work with non existing pids",
                  "fullTitle": "fhem-log2db isRunning() should work with non existing pids",
                  "timedOut": false,
                  "duration": 1,
                  "state": "passed",
                  "speed": "fast",
                  "pass": true,
                  "fail": false,
                  "pending": false,
                  "context": null,
                  "code": "return __awaiter(this, void 0, void 0, function* () {\n    assert_1.default.equal((0, lib_1.isRunning)(10000), false);\n});",
                  "err": {},
                  "uuid": "ca168adf-9caa-42cd-94af-3d2131fc4fb9",
                  "parentUUID": "0394da6a-04e0-46a8-9108-cbed30190972",
                  "isHook": false,
                  "skipped": false
                }
              ],
              "suites": [],
              "passes": [
                "9bfb2c3e-d571-4bc8-8ffb-8726b9cf0229",
                "ca168adf-9caa-42cd-94af-3d2131fc4fb9"
              ],
              "failures": [],
              "pending": [],
              "skipped": [],
              "duration": 1,
              "root": false,
              "rootEmpty": false,
              "_timeout": 30000
            }
          ],
          "passes": [
            "0fd0c8f2-387b-46c3-b974-e110e93f82b8",
            "649c0e25-30c5-492c-8c23-da149664484c",
            "e00a4ca3-eb19-45a8-8d1d-b50c525ab6d8",
            "ded674f6-0580-4cfc-80e9-536e93ff6fdc",
            "6d7847db-cfbf-49fe-862c-28c311a6058b"
          ],
          "failures": [],
          "pending": [],
          "skipped": [],
          "duration": 703,
          "root": false,
          "rootEmpty": false,
          "_timeout": 30000
        },
        {
          "uuid": "c74bf174-bd5b-42aa-aca8-1726d6d76bce",
          "title": "parseLine",
          "fullFile": "/home/runner/work/fhem-log2db/fhem-log2db/test/lib/line-parser.ts",
          "file": "/test/lib/line-parser.ts",
          "beforeHooks": [],
          "afterHooks": [],
          "tests": [
            {
              "title": "should work",
              "fullTitle": "parseLine should work",
              "timedOut": false,
              "duration": 1,
              "state": "passed",
              "speed": "fast",
              "pass": true,
              "fail": false,
              "pending": false,
              "context": null,
              "code": "return __awaiter(this, void 0, void 0, function* () {\n    const l = (0, line_parser_1.parseLine)('2022-01-01_02:30:41 ZWave_SENSOR_MULTILEVEL_3 battery: 100');\n    assert.deepStrictEqual(l, {\n        timestamp: new Date('2022-01-01T02:30:41'),\n        device: 'ZWave_SENSOR_MULTILEVEL_3',\n        event: 'battery: 100',\n        reading: 'battery',\n        value: '100',\n        unit: null\n    });\n});",
              "err": {},
              "uuid": "6caad76b-7178-43a7-b715-cbd29512ac30",
              "parentUUID": "c74bf174-bd5b-42aa-aca8-1726d6d76bce",
              "isHook": false,
              "skipped": false
            },
            {
              "title": "should handle float units",
              "fullTitle": "parseLine should handle float units",
              "timedOut": false,
              "duration": 0,
              "state": "passed",
              "speed": "fast",
              "pass": true,
              "fail": false,
              "pending": false,
              "context": null,
              "code": "return __awaiter(this, void 0, void 0, function* () {\n    const l = (0, line_parser_1.parseLine)('2022-01-01_02:30:41 ZWave_SENSOR_MULTILEVEL_3 battery: 100.0 %');\n    assert.deepStrictEqual(l, {\n        timestamp: new Date('2022-01-01T02:30:41'),\n        device: 'ZWave_SENSOR_MULTILEVEL_3',\n        event: 'battery: 100.0 %',\n        reading: 'battery',\n        value: '100.0',\n        unit: '%'\n    });\n});",
              "err": {},
              "uuid": "d64e9a60-007c-453d-aa76-cea8294bce23",
              "parentUUID": "c74bf174-bd5b-42aa-aca8-1726d6d76bce",
              "isHook": false,
              "skipped": false
            },
            {
              "title": "should handle timestamps",
              "fullTitle": "parseLine should handle timestamps",
              "timedOut": false,
              "duration": 0,
              "state": "passed",
              "speed": "fast",
              "pass": true,
              "fail": false,
              "pending": false,
              "context": null,
              "code": "return __awaiter(this, void 0, void 0, function* () {\n    const l = (0, line_parser_1.parseLine)('2022-01-01_02:30:41 ZWave_SENSOR_MULTILEVEL_3 time: 2022-1-23 16:29:1');\n    assert.deepStrictEqual(l, {\n        timestamp: new Date('2022-01-01T02:30:41'),\n        device: 'ZWave_SENSOR_MULTILEVEL_3',\n        event: 'time: 2022-1-23 16:29:1',\n        reading: 'time',\n        value: '2022-1-23 16:29:1',\n        unit: null\n    });\n});",
              "err": {},
              "uuid": "021dbe00-1e0e-4b25-89a2-160949dd3d7d",
              "parentUUID": "c74bf174-bd5b-42aa-aca8-1726d6d76bce",
              "isHook": false,
              "skipped": false
            }
          ],
          "suites": [],
          "passes": [
            "6caad76b-7178-43a7-b715-cbd29512ac30",
            "d64e9a60-007c-453d-aa76-cea8294bce23",
            "021dbe00-1e0e-4b25-89a2-160949dd3d7d"
          ],
          "failures": [],
          "pending": [],
          "skipped": [],
          "duration": 1,
          "root": false,
          "rootEmpty": false,
          "_timeout": 2000
        }
      ],
      "passes": [],
      "failures": [],
      "pending": [],
      "skipped": [],
      "duration": 0,
      "root": true,
      "rootEmpty": true,
      "_timeout": 2000
    }
  ],
  "meta": {
    "mocha": {
      "version": "10.0.0"
    },
    "mochawesome": {
      "options": {
        "quiet": false,
        "reportFilename": "mochawesome",
        "saveHtml": true,
        "saveJson": true,
        "consoleReporter": "spec",
        "useInlineDiffs": false,
        "code": true
      },
      "version": "7.1.3"
    },
    "marge": {
      "options": null,
      "version": "6.2.0"
    }
  }
}