{
  "stats": {
    "suites": 3,
    "tests": 10,
    "passes": 10,
    "pending": 0,
    "failures": 0,
    "start": "2024-01-03T20:02:28.405Z",
    "end": "2024-01-03T20:02:28.556Z",
    "duration": 151,
    "testsRegistered": 10,
    "passPercent": 100,
    "pendingPercent": 0,
    "other": 0,
    "hasOther": false,
    "skipped": 0,
    "hasSkipped": false
  },
  "results": [
    {
      "uuid": "948f9398-ce6e-4169-8ba4-baf2a9f91fe9",
      "title": "",
      "fullFile": "",
      "file": "",
      "beforeHooks": [],
      "afterHooks": [],
      "tests": [],
      "suites": [
        {
          "uuid": "524751a3-42e3-4697-85b2-be43f517ba57",
          "title": "fhem-log2db",
          "fullFile": "/home/runner/work/fhem-log2db/fhem-log2db/test/lib/index.ts",
          "file": "/test/lib/index.ts",
          "beforeHooks": [],
          "afterHooks": [],
          "tests": [
            {
              "title": "config",
              "fullTitle": "fhem-log2db config",
              "timedOut": false,
              "duration": 20,
              "state": "passed",
              "speed": "fast",
              "pass": true,
              "fail": false,
              "pending": false,
              "context": null,
              "code": "return __awaiter(this, void 0, void 0, function* () {\n    yield fhemLog2Db('config', []);\n});",
              "err": {},
              "uuid": "62bea78e-868e-4b84-8890-72c3acc25b90",
              "parentUUID": "524751a3-42e3-4697-85b2-be43f517ba57",
              "isHook": false,
              "skipped": false
            },
            {
              "title": "sync",
              "fullTitle": "fhem-log2db sync",
              "timedOut": false,
              "duration": 57,
              "state": "passed",
              "speed": "medium",
              "pass": true,
              "fail": false,
              "pending": false,
              "context": null,
              "code": "return __awaiter(this, void 0, void 0, function* () {\n    yield fhemLog2Db('sync', []);\n});",
              "err": {},
              "uuid": "66465e62-9eff-42e0-aabe-b25a3e1d9cb9",
              "parentUUID": "524751a3-42e3-4697-85b2-be43f517ba57",
              "isHook": false,
              "skipped": false
            },
            {
              "title": "clean",
              "fullTitle": "fhem-log2db clean",
              "timedOut": false,
              "duration": 22,
              "state": "passed",
              "speed": "fast",
              "pass": true,
              "fail": false,
              "pending": false,
              "context": null,
              "code": "return __awaiter(this, void 0, void 0, function* () {\n    yield fhemLog2Db('clean', []);\n});",
              "err": {},
              "uuid": "6ad2fc78-78f1-484b-b833-1ca6358f5677",
              "parentUUID": "524751a3-42e3-4697-85b2-be43f517ba57",
              "isHook": false,
              "skipped": false
            },
            {
              "title": "cron",
              "fullTitle": "fhem-log2db cron",
              "timedOut": false,
              "duration": 34,
              "state": "passed",
              "speed": "fast",
              "pass": true,
              "fail": false,
              "pending": false,
              "context": null,
              "code": "return __awaiter(this, void 0, void 0, function* () {\n    yield fhemLog2Db('cron', []);\n});",
              "err": {},
              "uuid": "665d4e06-3c84-4314-93f0-7c033e971b3f",
              "parentUUID": "524751a3-42e3-4697-85b2-be43f517ba57",
              "isHook": false,
              "skipped": false
            },
            {
              "title": "default",
              "fullTitle": "fhem-log2db default",
              "timedOut": false,
              "duration": 11,
              "state": "passed",
              "speed": "fast",
              "pass": true,
              "fail": false,
              "pending": false,
              "context": null,
              "code": "return __awaiter(this, void 0, void 0, function* () {\n    yield fhemLog2Db('-', []);\n});",
              "err": {},
              "uuid": "1a2d4ccd-418c-4e83-b3fe-85394149a36c",
              "parentUUID": "524751a3-42e3-4697-85b2-be43f517ba57",
              "isHook": false,
              "skipped": false
            }
          ],
          "suites": [
            {
              "uuid": "915efd98-a2df-4c44-b5a6-368ba5adc4df",
              "title": "isRunning()",
              "fullFile": "/home/runner/work/fhem-log2db/fhem-log2db/test/lib/index.ts",
              "file": "/test/lib/index.ts",
              "beforeHooks": [],
              "afterHooks": [],
              "tests": [
                {
                  "title": "should work with existing pids",
                  "fullTitle": "fhem-log2db isRunning() should work with existing pids",
                  "timedOut": false,
                  "duration": 0,
                  "state": "passed",
                  "speed": "fast",
                  "pass": true,
                  "fail": false,
                  "pending": false,
                  "context": null,
                  "code": "return __awaiter(this, void 0, void 0, function* () {\n    assert.equal(isRunning(process.pid), true);\n});",
                  "err": {},
                  "uuid": "5535401b-1b17-4653-bb1d-eefe51bd0e87",
                  "parentUUID": "915efd98-a2df-4c44-b5a6-368ba5adc4df",
                  "isHook": false,
                  "skipped": false
                },
                {
                  "title": "should work with non existing pids",
                  "fullTitle": "fhem-log2db isRunning() should work with non existing pids",
                  "timedOut": false,
                  "duration": 0,
                  "state": "passed",
                  "speed": "fast",
                  "pass": true,
                  "fail": false,
                  "pending": false,
                  "context": null,
                  "code": "return __awaiter(this, void 0, void 0, function* () {\n    assert.equal(isRunning(10000), false);\n});",
                  "err": {},
                  "uuid": "0d9c8cbf-f41d-4b28-bd28-109113a282f9",
                  "parentUUID": "915efd98-a2df-4c44-b5a6-368ba5adc4df",
                  "isHook": false,
                  "skipped": false
                }
              ],
              "suites": [],
              "passes": [
                "5535401b-1b17-4653-bb1d-eefe51bd0e87",
                "0d9c8cbf-f41d-4b28-bd28-109113a282f9"
              ],
              "failures": [],
              "pending": [],
              "skipped": [],
              "duration": 0,
              "root": false,
              "rootEmpty": false,
              "_timeout": 30000
            }
          ],
          "passes": [
            "62bea78e-868e-4b84-8890-72c3acc25b90",
            "66465e62-9eff-42e0-aabe-b25a3e1d9cb9",
            "6ad2fc78-78f1-484b-b833-1ca6358f5677",
            "665d4e06-3c84-4314-93f0-7c033e971b3f",
            "1a2d4ccd-418c-4e83-b3fe-85394149a36c"
          ],
          "failures": [],
          "pending": [],
          "skipped": [],
          "duration": 144,
          "root": false,
          "rootEmpty": false,
          "_timeout": 30000
        },
        {
          "uuid": "6e700655-5ac2-42c2-9b19-22984a222a12",
          "title": "parseLine",
          "fullFile": "/home/runner/work/fhem-log2db/fhem-log2db/test/lib/line-parser.ts",
          "file": "/test/lib/line-parser.ts",
          "beforeHooks": [],
          "afterHooks": [],
          "tests": [
            {
              "title": "should work",
              "fullTitle": "parseLine should work",
              "timedOut": false,
              "duration": 0,
              "state": "passed",
              "speed": "fast",
              "pass": true,
              "fail": false,
              "pending": false,
              "context": null,
              "code": "return __awaiter(this, void 0, void 0, function* () {\n    const l = parseLine('2022-01-01_02:30:41 ZWave_SENSOR_MULTILEVEL_3 battery: 100');\n    assert.deepStrictEqual(l, {\n        timestamp: new Date('2022-01-01T02:30:41'),\n        device: 'ZWave_SENSOR_MULTILEVEL_3',\n        event: 'battery: 100',\n        reading: 'battery',\n        value: '100',\n        unit: null\n    });\n});",
              "err": {},
              "uuid": "a617b35d-1a5b-48f5-a3ab-36e6d5204699",
              "parentUUID": "6e700655-5ac2-42c2-9b19-22984a222a12",
              "isHook": false,
              "skipped": false
            },
            {
              "title": "should handle float units",
              "fullTitle": "parseLine should handle float units",
              "timedOut": false,
              "duration": 0,
              "state": "passed",
              "speed": "fast",
              "pass": true,
              "fail": false,
              "pending": false,
              "context": null,
              "code": "return __awaiter(this, void 0, void 0, function* () {\n    const l = parseLine('2022-01-01_02:30:41 ZWave_SENSOR_MULTILEVEL_3 battery: 100.0 %');\n    assert.deepStrictEqual(l, {\n        timestamp: new Date('2022-01-01T02:30:41'),\n        device: 'ZWave_SENSOR_MULTILEVEL_3',\n        event: 'battery: 100.0 %',\n        reading: 'battery',\n        value: '100.0',\n        unit: '%'\n    });\n});",
              "err": {},
              "uuid": "60ccd6ae-7404-432c-bc33-7fb628ad5eab",
              "parentUUID": "6e700655-5ac2-42c2-9b19-22984a222a12",
              "isHook": false,
              "skipped": false
            },
            {
              "title": "should handle timestamps",
              "fullTitle": "parseLine should handle timestamps",
              "timedOut": false,
              "duration": 0,
              "state": "passed",
              "speed": "fast",
              "pass": true,
              "fail": false,
              "pending": false,
              "context": null,
              "code": "return __awaiter(this, void 0, void 0, function* () {\n    const l = parseLine('2022-01-01_02:30:41 ZWave_SENSOR_MULTILEVEL_3 time: 2022-1-23 16:29:1');\n    assert.deepStrictEqual(l, {\n        timestamp: new Date('2022-01-01T02:30:41'),\n        device: 'ZWave_SENSOR_MULTILEVEL_3',\n        event: 'time: 2022-1-23 16:29:1',\n        reading: 'time',\n        value: '2022-1-23 16:29:1',\n        unit: null\n    });\n});",
              "err": {},
              "uuid": "b5ccb9be-729e-4e14-90f2-1da80a1ccb37",
              "parentUUID": "6e700655-5ac2-42c2-9b19-22984a222a12",
              "isHook": false,
              "skipped": false
            }
          ],
          "suites": [],
          "passes": [
            "a617b35d-1a5b-48f5-a3ab-36e6d5204699",
            "60ccd6ae-7404-432c-bc33-7fb628ad5eab",
            "b5ccb9be-729e-4e14-90f2-1da80a1ccb37"
          ],
          "failures": [],
          "pending": [],
          "skipped": [],
          "duration": 0,
          "root": false,
          "rootEmpty": false,
          "_timeout": 2000
        }
      ],
      "passes": [],
      "failures": [],
      "pending": [],
      "skipped": [],
      "duration": 0,
      "root": true,
      "rootEmpty": true,
      "_timeout": 2000
    }
  ],
  "meta": {
    "mocha": {
      "version": "10.2.0"
    },
    "mochawesome": {
      "options": {
        "quiet": false,
        "reportFilename": "mochawesome",
        "saveHtml": true,
        "saveJson": true,
        "consoleReporter": "spec",
        "useInlineDiffs": false,
        "code": true
      },
      "version": "7.1.3"
    },
    "marge": {
      "options": null,
      "version": "6.2.0"
    }
  }
}