{
  "stats": {
    "suites": 3,
    "tests": 10,
    "passes": 10,
    "pending": 0,
    "failures": 0,
    "start": "2024-02-13T09:09:45.226Z",
    "end": "2024-02-13T09:09:45.372Z",
    "duration": 146,
    "testsRegistered": 10,
    "passPercent": 100,
    "pendingPercent": 0,
    "other": 0,
    "hasOther": false,
    "skipped": 0,
    "hasSkipped": false
  },
  "results": [
    {
      "uuid": "0cc2be11-7c59-49a0-9481-10c0c995dec1",
      "title": "",
      "fullFile": "",
      "file": "",
      "beforeHooks": [],
      "afterHooks": [],
      "tests": [],
      "suites": [
        {
          "uuid": "79604592-77aa-4e57-8b13-87d7df49241a",
          "title": "fhem-log2db",
          "fullFile": "/home/runner/work/fhem-log2db/fhem-log2db/test/lib/index.ts",
          "file": "/test/lib/index.ts",
          "beforeHooks": [],
          "afterHooks": [],
          "tests": [
            {
              "title": "config",
              "fullTitle": "fhem-log2db config",
              "timedOut": false,
              "duration": 20,
              "state": "passed",
              "speed": "fast",
              "pass": true,
              "fail": false,
              "pending": false,
              "context": null,
              "code": "return __awaiter(this, void 0, void 0, function* () {\n    yield fhemLog2Db('config', []);\n});",
              "err": {},
              "uuid": "407561a3-ecdd-497e-9056-ef232aebb8f1",
              "parentUUID": "79604592-77aa-4e57-8b13-87d7df49241a",
              "isHook": false,
              "skipped": false
            },
            {
              "title": "sync",
              "fullTitle": "fhem-log2db sync",
              "timedOut": false,
              "duration": 58,
              "state": "passed",
              "speed": "medium",
              "pass": true,
              "fail": false,
              "pending": false,
              "context": null,
              "code": "return __awaiter(this, void 0, void 0, function* () {\n    yield fhemLog2Db('sync', []);\n});",
              "err": {},
              "uuid": "3666c44f-3209-4480-aea2-65227c953fb2",
              "parentUUID": "79604592-77aa-4e57-8b13-87d7df49241a",
              "isHook": false,
              "skipped": false
            },
            {
              "title": "clean",
              "fullTitle": "fhem-log2db clean",
              "timedOut": false,
              "duration": 20,
              "state": "passed",
              "speed": "fast",
              "pass": true,
              "fail": false,
              "pending": false,
              "context": null,
              "code": "return __awaiter(this, void 0, void 0, function* () {\n    yield fhemLog2Db('clean', []);\n});",
              "err": {},
              "uuid": "78882e63-e11c-4729-9efb-6be46e96dd75",
              "parentUUID": "79604592-77aa-4e57-8b13-87d7df49241a",
              "isHook": false,
              "skipped": false
            },
            {
              "title": "cron",
              "fullTitle": "fhem-log2db cron",
              "timedOut": false,
              "duration": 30,
              "state": "passed",
              "speed": "fast",
              "pass": true,
              "fail": false,
              "pending": false,
              "context": null,
              "code": "return __awaiter(this, void 0, void 0, function* () {\n    yield fhemLog2Db('cron', []);\n});",
              "err": {},
              "uuid": "e17687a1-c985-44ed-a7c4-7c0b4ac3849d",
              "parentUUID": "79604592-77aa-4e57-8b13-87d7df49241a",
              "isHook": false,
              "skipped": false
            },
            {
              "title": "default",
              "fullTitle": "fhem-log2db default",
              "timedOut": false,
              "duration": 9,
              "state": "passed",
              "speed": "fast",
              "pass": true,
              "fail": false,
              "pending": false,
              "context": null,
              "code": "return __awaiter(this, void 0, void 0, function* () {\n    yield fhemLog2Db('-', []);\n});",
              "err": {},
              "uuid": "04b02752-b70a-44c3-bd75-46173f2602e8",
              "parentUUID": "79604592-77aa-4e57-8b13-87d7df49241a",
              "isHook": false,
              "skipped": false
            }
          ],
          "suites": [
            {
              "uuid": "1a55a7dd-557b-4ee8-93d9-e4d8e760b1d6",
              "title": "isRunning()",
              "fullFile": "/home/runner/work/fhem-log2db/fhem-log2db/test/lib/index.ts",
              "file": "/test/lib/index.ts",
              "beforeHooks": [],
              "afterHooks": [],
              "tests": [
                {
                  "title": "should work with existing pids",
                  "fullTitle": "fhem-log2db isRunning() should work with existing pids",
                  "timedOut": false,
                  "duration": 1,
                  "state": "passed",
                  "speed": "fast",
                  "pass": true,
                  "fail": false,
                  "pending": false,
                  "context": null,
                  "code": "return __awaiter(this, void 0, void 0, function* () {\n    assert.equal(isRunning(process.pid), true);\n});",
                  "err": {},
                  "uuid": "1e3d8870-dd3a-498c-b7cd-18ae714079fa",
                  "parentUUID": "1a55a7dd-557b-4ee8-93d9-e4d8e760b1d6",
                  "isHook": false,
                  "skipped": false
                },
                {
                  "title": "should work with non existing pids",
                  "fullTitle": "fhem-log2db isRunning() should work with non existing pids",
                  "timedOut": false,
                  "duration": 0,
                  "state": "passed",
                  "speed": "fast",
                  "pass": true,
                  "fail": false,
                  "pending": false,
                  "context": null,
                  "code": "return __awaiter(this, void 0, void 0, function* () {\n    assert.equal(isRunning(10000), false);\n});",
                  "err": {},
                  "uuid": "b4d603c3-c7f9-4016-88c3-d8b088762380",
                  "parentUUID": "1a55a7dd-557b-4ee8-93d9-e4d8e760b1d6",
                  "isHook": false,
                  "skipped": false
                }
              ],
              "suites": [],
              "passes": [
                "1e3d8870-dd3a-498c-b7cd-18ae714079fa",
                "b4d603c3-c7f9-4016-88c3-d8b088762380"
              ],
              "failures": [],
              "pending": [],
              "skipped": [],
              "duration": 1,
              "root": false,
              "rootEmpty": false,
              "_timeout": 30000
            }
          ],
          "passes": [
            "407561a3-ecdd-497e-9056-ef232aebb8f1",
            "3666c44f-3209-4480-aea2-65227c953fb2",
            "78882e63-e11c-4729-9efb-6be46e96dd75",
            "e17687a1-c985-44ed-a7c4-7c0b4ac3849d",
            "04b02752-b70a-44c3-bd75-46173f2602e8"
          ],
          "failures": [],
          "pending": [],
          "skipped": [],
          "duration": 137,
          "root": false,
          "rootEmpty": false,
          "_timeout": 30000
        },
        {
          "uuid": "c62e7697-d430-4d77-afad-b7ad825f7f13",
          "title": "parseLine",
          "fullFile": "/home/runner/work/fhem-log2db/fhem-log2db/test/lib/line-parser.ts",
          "file": "/test/lib/line-parser.ts",
          "beforeHooks": [],
          "afterHooks": [],
          "tests": [
            {
              "title": "should work",
              "fullTitle": "parseLine should work",
              "timedOut": false,
              "duration": 0,
              "state": "passed",
              "speed": "fast",
              "pass": true,
              "fail": false,
              "pending": false,
              "context": null,
              "code": "return __awaiter(this, void 0, void 0, function* () {\n    const l = parseLine('2022-01-01_02:30:41 ZWave_SENSOR_MULTILEVEL_3 battery: 100');\n    assert.deepStrictEqual(l, {\n        timestamp: new Date('2022-01-01T02:30:41'),\n        device: 'ZWave_SENSOR_MULTILEVEL_3',\n        event: 'battery: 100',\n        reading: 'battery',\n        value: '100',\n        unit: null\n    });\n});",
              "err": {},
              "uuid": "cead7494-ae39-41f0-8d04-f8e327e98ce9",
              "parentUUID": "c62e7697-d430-4d77-afad-b7ad825f7f13",
              "isHook": false,
              "skipped": false
            },
            {
              "title": "should handle float units",
              "fullTitle": "parseLine should handle float units",
              "timedOut": false,
              "duration": 0,
              "state": "passed",
              "speed": "fast",
              "pass": true,
              "fail": false,
              "pending": false,
              "context": null,
              "code": "return __awaiter(this, void 0, void 0, function* () {\n    const l = parseLine('2022-01-01_02:30:41 ZWave_SENSOR_MULTILEVEL_3 battery: 100.0 %');\n    assert.deepStrictEqual(l, {\n        timestamp: new Date('2022-01-01T02:30:41'),\n        device: 'ZWave_SENSOR_MULTILEVEL_3',\n        event: 'battery: 100.0 %',\n        reading: 'battery',\n        value: '100.0',\n        unit: '%'\n    });\n});",
              "err": {},
              "uuid": "4499d920-5fc4-4997-be0f-e9b0c02bbf55",
              "parentUUID": "c62e7697-d430-4d77-afad-b7ad825f7f13",
              "isHook": false,
              "skipped": false
            },
            {
              "title": "should handle timestamps",
              "fullTitle": "parseLine should handle timestamps",
              "timedOut": false,
              "duration": 0,
              "state": "passed",
              "speed": "fast",
              "pass": true,
              "fail": false,
              "pending": false,
              "context": null,
              "code": "return __awaiter(this, void 0, void 0, function* () {\n    const l = parseLine('2022-01-01_02:30:41 ZWave_SENSOR_MULTILEVEL_3 time: 2022-1-23 16:29:1');\n    assert.deepStrictEqual(l, {\n        timestamp: new Date('2022-01-01T02:30:41'),\n        device: 'ZWave_SENSOR_MULTILEVEL_3',\n        event: 'time: 2022-1-23 16:29:1',\n        reading: 'time',\n        value: '2022-1-23 16:29:1',\n        unit: null\n    });\n});",
              "err": {},
              "uuid": "c173fbe3-a0da-445b-94aa-3b15f491d279",
              "parentUUID": "c62e7697-d430-4d77-afad-b7ad825f7f13",
              "isHook": false,
              "skipped": false
            }
          ],
          "suites": [],
          "passes": [
            "cead7494-ae39-41f0-8d04-f8e327e98ce9",
            "4499d920-5fc4-4997-be0f-e9b0c02bbf55",
            "c173fbe3-a0da-445b-94aa-3b15f491d279"
          ],
          "failures": [],
          "pending": [],
          "skipped": [],
          "duration": 0,
          "root": false,
          "rootEmpty": false,
          "_timeout": 2000
        }
      ],
      "passes": [],
      "failures": [],
      "pending": [],
      "skipped": [],
      "duration": 0,
      "root": true,
      "rootEmpty": true,
      "_timeout": 2000
    }
  ],
  "meta": {
    "mocha": {
      "version": "10.2.0"
    },
    "mochawesome": {
      "options": {
        "quiet": false,
        "reportFilename": "mochawesome",
        "saveHtml": true,
        "saveJson": true,
        "consoleReporter": "spec",
        "useInlineDiffs": false,
        "code": true
      },
      "version": "7.1.3"
    },
    "marge": {
      "options": null,
      "version": "6.2.0"
    }
  }
}