{
  "stats": {
    "suites": 3,
    "tests": 10,
    "passes": 10,
    "pending": 0,
    "failures": 0,
    "start": "2022-07-16T17:00:22.398Z",
    "end": "2022-07-16T17:00:23.346Z",
    "duration": 948,
    "testsRegistered": 10,
    "passPercent": 100,
    "pendingPercent": 0,
    "other": 0,
    "hasOther": false,
    "skipped": 0,
    "hasSkipped": false
  },
  "results": [
    {
      "uuid": "81a82edc-3e8c-4477-8d85-0259770b56f6",
      "title": "",
      "fullFile": "",
      "file": "",
      "beforeHooks": [],
      "afterHooks": [],
      "tests": [],
      "suites": [
        {
          "uuid": "4faa6daf-c63f-4eb2-a080-b3b3f4bd6102",
          "title": "fhem-log2db",
          "fullFile": "/home/runner/work/fhem-log2db/fhem-log2db/test/lib/index.ts",
          "file": "/test/lib/index.ts",
          "beforeHooks": [],
          "afterHooks": [],
          "tests": [
            {
              "title": "config",
              "fullTitle": "fhem-log2db config",
              "timedOut": false,
              "duration": 106,
              "state": "passed",
              "speed": "slow",
              "pass": true,
              "fail": false,
              "pending": false,
              "context": null,
              "code": "return __awaiter(this, void 0, void 0, function* () {\n    yield (0, lib_1.default)('config', []);\n});",
              "err": {},
              "uuid": "5e2a5720-c31e-4cb6-a54b-f5ffaa6f77ee",
              "parentUUID": "4faa6daf-c63f-4eb2-a080-b3b3f4bd6102",
              "isHook": false,
              "skipped": false
            },
            {
              "title": "sync",
              "fullTitle": "fhem-log2db sync",
              "timedOut": false,
              "duration": 263,
              "state": "passed",
              "speed": "slow",
              "pass": true,
              "fail": false,
              "pending": false,
              "context": null,
              "code": "return __awaiter(this, void 0, void 0, function* () {\n    yield (0, lib_1.default)('sync', []);\n});",
              "err": {},
              "uuid": "c161c13a-197d-4ed8-a547-544da9e1a51e",
              "parentUUID": "4faa6daf-c63f-4eb2-a080-b3b3f4bd6102",
              "isHook": false,
              "skipped": false
            },
            {
              "title": "clean",
              "fullTitle": "fhem-log2db clean",
              "timedOut": false,
              "duration": 201,
              "state": "passed",
              "speed": "slow",
              "pass": true,
              "fail": false,
              "pending": false,
              "context": null,
              "code": "return __awaiter(this, void 0, void 0, function* () {\n    yield (0, lib_1.default)('clean', []);\n});",
              "err": {},
              "uuid": "47990215-3264-49ed-bd78-760fb0deb629",
              "parentUUID": "4faa6daf-c63f-4eb2-a080-b3b3f4bd6102",
              "isHook": false,
              "skipped": false
            },
            {
              "title": "cron",
              "fullTitle": "fhem-log2db cron",
              "timedOut": false,
              "duration": 233,
              "state": "passed",
              "speed": "slow",
              "pass": true,
              "fail": false,
              "pending": false,
              "context": null,
              "code": "return __awaiter(this, void 0, void 0, function* () {\n    yield (0, lib_1.default)('cron', []);\n});",
              "err": {},
              "uuid": "f80e69a8-0a07-4a6d-ae5a-08bb710e7e01",
              "parentUUID": "4faa6daf-c63f-4eb2-a080-b3b3f4bd6102",
              "isHook": false,
              "skipped": false
            },
            {
              "title": "default",
              "fullTitle": "fhem-log2db default",
              "timedOut": false,
              "duration": 111,
              "state": "passed",
              "speed": "slow",
              "pass": true,
              "fail": false,
              "pending": false,
              "context": null,
              "code": "return __awaiter(this, void 0, void 0, function* () {\n    yield (0, lib_1.default)('-', []);\n});",
              "err": {},
              "uuid": "09bac4ce-d086-4134-9edc-fc9a28c52748",
              "parentUUID": "4faa6daf-c63f-4eb2-a080-b3b3f4bd6102",
              "isHook": false,
              "skipped": false
            }
          ],
          "suites": [
            {
              "uuid": "470abf93-abdf-4d2b-83d1-489752b2f3ac",
              "title": "isRunning()",
              "fullFile": "/home/runner/work/fhem-log2db/fhem-log2db/test/lib/index.ts",
              "file": "/test/lib/index.ts",
              "beforeHooks": [],
              "afterHooks": [],
              "tests": [
                {
                  "title": "should work with existing pids",
                  "fullTitle": "fhem-log2db isRunning() should work with existing pids",
                  "timedOut": false,
                  "duration": 0,
                  "state": "passed",
                  "speed": "fast",
                  "pass": true,
                  "fail": false,
                  "pending": false,
                  "context": null,
                  "code": "return __awaiter(this, void 0, void 0, function* () {\n    assert_1.default.equal((0, lib_1.isRunning)(process.pid), true);\n});",
                  "err": {},
                  "uuid": "d29fd3f5-a489-4bde-b94b-4cadc9149f1b",
                  "parentUUID": "470abf93-abdf-4d2b-83d1-489752b2f3ac",
                  "isHook": false,
                  "skipped": false
                },
                {
                  "title": "should work with non existing pids",
                  "fullTitle": "fhem-log2db isRunning() should work with non existing pids",
                  "timedOut": false,
                  "duration": 0,
                  "state": "passed",
                  "speed": "fast",
                  "pass": true,
                  "fail": false,
                  "pending": false,
                  "context": null,
                  "code": "return __awaiter(this, void 0, void 0, function* () {\n    assert_1.default.equal((0, lib_1.isRunning)(10000), false);\n});",
                  "err": {},
                  "uuid": "3e9b649f-1137-4294-9d4b-cec31603f3b6",
                  "parentUUID": "470abf93-abdf-4d2b-83d1-489752b2f3ac",
                  "isHook": false,
                  "skipped": false
                }
              ],
              "suites": [],
              "passes": [
                "d29fd3f5-a489-4bde-b94b-4cadc9149f1b",
                "3e9b649f-1137-4294-9d4b-cec31603f3b6"
              ],
              "failures": [],
              "pending": [],
              "skipped": [],
              "duration": 0,
              "root": false,
              "rootEmpty": false,
              "_timeout": 30000
            }
          ],
          "passes": [
            "5e2a5720-c31e-4cb6-a54b-f5ffaa6f77ee",
            "c161c13a-197d-4ed8-a547-544da9e1a51e",
            "47990215-3264-49ed-bd78-760fb0deb629",
            "f80e69a8-0a07-4a6d-ae5a-08bb710e7e01",
            "09bac4ce-d086-4134-9edc-fc9a28c52748"
          ],
          "failures": [],
          "pending": [],
          "skipped": [],
          "duration": 914,
          "root": false,
          "rootEmpty": false,
          "_timeout": 30000
        },
        {
          "uuid": "cf8ae8e8-cd99-4b76-9b04-34212ac686de",
          "title": "parseLine",
          "fullFile": "/home/runner/work/fhem-log2db/fhem-log2db/test/lib/line-parser.ts",
          "file": "/test/lib/line-parser.ts",
          "beforeHooks": [],
          "afterHooks": [],
          "tests": [
            {
              "title": "should work",
              "fullTitle": "parseLine should work",
              "timedOut": false,
              "duration": 1,
              "state": "passed",
              "speed": "fast",
              "pass": true,
              "fail": false,
              "pending": false,
              "context": null,
              "code": "return __awaiter(this, void 0, void 0, function* () {\n    const l = (0, line_parser_1.parseLine)('2022-01-01_02:30:41 ZWave_SENSOR_MULTILEVEL_3 battery: 100');\n    assert.deepStrictEqual(l, {\n        timestamp: new Date('2022-01-01T02:30:41'),\n        device: 'ZWave_SENSOR_MULTILEVEL_3',\n        event: 'battery: 100',\n        reading: 'battery',\n        value: '100',\n        unit: null\n    });\n});",
              "err": {},
              "uuid": "12094562-8ea3-44f5-9054-fdc6ab473637",
              "parentUUID": "cf8ae8e8-cd99-4b76-9b04-34212ac686de",
              "isHook": false,
              "skipped": false
            },
            {
              "title": "should handle float units",
              "fullTitle": "parseLine should handle float units",
              "timedOut": false,
              "duration": 1,
              "state": "passed",
              "speed": "fast",
              "pass": true,
              "fail": false,
              "pending": false,
              "context": null,
              "code": "return __awaiter(this, void 0, void 0, function* () {\n    const l = (0, line_parser_1.parseLine)('2022-01-01_02:30:41 ZWave_SENSOR_MULTILEVEL_3 battery: 100.0 %');\n    assert.deepStrictEqual(l, {\n        timestamp: new Date('2022-01-01T02:30:41'),\n        device: 'ZWave_SENSOR_MULTILEVEL_3',\n        event: 'battery: 100.0 %',\n        reading: 'battery',\n        value: '100.0',\n        unit: '%'\n    });\n});",
              "err": {},
              "uuid": "d6afa291-35cf-4b45-94b8-2b2bdce11d64",
              "parentUUID": "cf8ae8e8-cd99-4b76-9b04-34212ac686de",
              "isHook": false,
              "skipped": false
            },
            {
              "title": "should handle timestamps",
              "fullTitle": "parseLine should handle timestamps",
              "timedOut": false,
              "duration": 0,
              "state": "passed",
              "speed": "fast",
              "pass": true,
              "fail": false,
              "pending": false,
              "context": null,
              "code": "return __awaiter(this, void 0, void 0, function* () {\n    const l = (0, line_parser_1.parseLine)('2022-01-01_02:30:41 ZWave_SENSOR_MULTILEVEL_3 time: 2022-1-23 16:29:1');\n    assert.deepStrictEqual(l, {\n        timestamp: new Date('2022-01-01T02:30:41'),\n        device: 'ZWave_SENSOR_MULTILEVEL_3',\n        event: 'time: 2022-1-23 16:29:1',\n        reading: 'time',\n        value: '2022-1-23 16:29:1',\n        unit: null\n    });\n});",
              "err": {},
              "uuid": "a30d0f45-99fa-4634-a2b7-70415e897f64",
              "parentUUID": "cf8ae8e8-cd99-4b76-9b04-34212ac686de",
              "isHook": false,
              "skipped": false
            }
          ],
          "suites": [],
          "passes": [
            "12094562-8ea3-44f5-9054-fdc6ab473637",
            "d6afa291-35cf-4b45-94b8-2b2bdce11d64",
            "a30d0f45-99fa-4634-a2b7-70415e897f64"
          ],
          "failures": [],
          "pending": [],
          "skipped": [],
          "duration": 2,
          "root": false,
          "rootEmpty": false,
          "_timeout": 2000
        }
      ],
      "passes": [],
      "failures": [],
      "pending": [],
      "skipped": [],
      "duration": 0,
      "root": true,
      "rootEmpty": true,
      "_timeout": 2000
    }
  ],
  "meta": {
    "mocha": {
      "version": "10.0.0"
    },
    "mochawesome": {
      "options": {
        "quiet": false,
        "reportFilename": "mochawesome",
        "saveHtml": true,
        "saveJson": true,
        "consoleReporter": "spec",
        "useInlineDiffs": false,
        "code": true
      },
      "version": "7.1.3"
    },
    "marge": {
      "options": null,
      "version": "6.2.0"
    }
  }
}