<?xml version="1.0" ?>
<!DOCTYPE coverage SYSTEM "http://cobertura.sourceforge.net/xml/coverage-04.dtd">
<coverage lines-valid="638" lines-covered="543" line-rate="0.851" branches-valid="135" branches-covered="99" branch-rate="0.7333" timestamp="1715876330955" complexity="0" version="0.1">
  <sources>
    <source>/home/runner/work/fhem-log2db/fhem-log2db</source>
  </sources>
  <packages>
    <package name="main" line-rate="0.851" branch-rate="0.7333">
      <classes>
        <class name="config.ts" filename="src/lib/config.ts" line-rate="0.8037000000000001" branch-rate="0.6666">
          <methods>
            <method name="Config" hits="1" signature="()V">
              <lines>
                <line number="18" hits="1"/>
              </lines>
            </method>
            <method name="get scriptPath" hits="1" signature="()V">
              <lines>
                <line number="39" hits="1"/>
              </lines>
            </method>
            <method name="get configFilePath" hits="11" signature="()V">
              <lines>
                <line number="43" hits="11"/>
              </lines>
            </method>
            <method name="get defaultPath" hits="10" signature="()V">
              <lines>
                <line number="47" hits="10"/>
              </lines>
            </method>
            <method name="set defaultPath" hits="0" signature="()V">
              <lines>
                <line number="53" hits="0"/>
              </lines>
            </method>
            <method name="get database" hits="14" signature="()V">
              <lines>
                <line number="57" hits="14"/>
              </lines>
            </method>
            <method name="set database" hits="0" signature="()V">
              <lines>
                <line number="61" hits="0"/>
              </lines>
            </method>
            <method name="get period" hits="16" signature="()V">
              <lines>
                <line number="65" hits="16"/>
              </lines>
            </method>
            <method name="set period" hits="0" signature="()V">
              <lines>
                <line number="69" hits="0"/>
              </lines>
            </method>
            <method name="get periodStart" hits="4" signature="()V">
              <lines>
                <line number="73" hits="4"/>
              </lines>
            </method>
            <method name="isValid" hits="5" signature="()V">
              <lines>
                <line number="77" hits="5"/>
              </lines>
            </method>
            <method name="isValidDefaultPath" hits="5" signature="()V">
              <lines>
                <line number="85" hits="5"/>
              </lines>
            </method>
            <method name="isValidDatabase" hits="5" signature="()V">
              <lines>
                <line number="91" hits="5"/>
              </lines>
            </method>
            <method name="isValidPeriod" hits="5" signature="()V">
              <lines>
                <line number="95" hits="5"/>
              </lines>
            </method>
            <method name="save" hits="0" signature="()V">
              <lines>
                <line number="101" hits="0"/>
              </lines>
            </method>
          </methods>
          <lines>
            <line number="1" hits="1" branch="false"/>
            <line number="2" hits="1" branch="false"/>
            <line number="3" hits="1" branch="false"/>
            <line number="4" hits="1" branch="false"/>
            <line number="5" hits="1" branch="false"/>
            <line number="6" hits="1" branch="false"/>
            <line number="7" hits="1" branch="false"/>
            <line number="8" hits="1" branch="false"/>
            <line number="9" hits="1" branch="false"/>
            <line number="10" hits="1" branch="false"/>
            <line number="11" hits="1" branch="false"/>
            <line number="12" hits="1" branch="false"/>
            <line number="13" hits="1" branch="false"/>
            <line number="14" hits="1" branch="false"/>
            <line number="15" hits="1" branch="false"/>
            <line number="16" hits="1" branch="false"/>
            <line number="17" hits="1" branch="false"/>
            <line number="18" hits="1" branch="true" condition-coverage="100% (1/1)"/>
            <line number="19" hits="1" branch="false"/>
            <line number="20" hits="1" branch="false"/>
            <line number="21" hits="1" branch="false"/>
            <line number="22" hits="1" branch="false"/>
            <line number="23" hits="0" branch="true" condition-coverage="0% (0/1)"/>
            <line number="24" hits="0" branch="false"/>
            <line number="25" hits="0" branch="false"/>
            <line number="26" hits="0" branch="false"/>
            <line number="27" hits="0" branch="false"/>
            <line number="28" hits="0" branch="false"/>
            <line number="29" hits="0" branch="false"/>
            <line number="30" hits="0" branch="false"/>
            <line number="31" hits="0" branch="false"/>
            <line number="32" hits="1" branch="false"/>
            <line number="33" hits="1" branch="false"/>
            <line number="34" hits="1" branch="false"/>
            <line number="35" hits="1" branch="false"/>
            <line number="36" hits="1" branch="false"/>
            <line number="37" hits="1" branch="false"/>
            <line number="38" hits="1" branch="false"/>
            <line number="39" hits="1" branch="true" condition-coverage="100% (1/1)"/>
            <line number="40" hits="1" branch="false"/>
            <line number="41" hits="1" branch="false"/>
            <line number="42" hits="1" branch="false"/>
            <line number="43" hits="1" branch="true" condition-coverage="100% (1/1)"/>
            <line number="44" hits="11" branch="false"/>
            <line number="45" hits="11" branch="false"/>
            <line number="46" hits="1" branch="false"/>
            <line number="47" hits="1" branch="true" condition-coverage="100% (1/1)"/>
            <line number="48" hits="10" branch="false"/>
            <line number="49" hits="10" branch="true" condition-coverage="0% (0/1)"/>
            <line number="50" hits="10" branch="false"/>
            <line number="51" hits="10" branch="false"/>
            <line number="52" hits="1" branch="false"/>
            <line number="53" hits="1" branch="false"/>
            <line number="54" hits="0" branch="false"/>
            <line number="55" hits="0" branch="false"/>
            <line number="56" hits="1" branch="false"/>
            <line number="57" hits="1" branch="true" condition-coverage="100% (1/1)"/>
            <line number="58" hits="14" branch="true" condition-coverage="0% (0/1)"/>
            <line number="59" hits="14" branch="false"/>
            <line number="60" hits="1" branch="false"/>
            <line number="61" hits="1" branch="false"/>
            <line number="62" hits="0" branch="false"/>
            <line number="63" hits="0" branch="false"/>
            <line number="64" hits="1" branch="false"/>
            <line number="65" hits="1" branch="true" condition-coverage="100% (1/1)"/>
            <line number="66" hits="16" branch="true" condition-coverage="0% (0/1)"/>
            <line number="67" hits="16" branch="false"/>
            <line number="68" hits="1" branch="false"/>
            <line number="69" hits="1" branch="false"/>
            <line number="70" hits="0" branch="false"/>
            <line number="71" hits="0" branch="false"/>
            <line number="72" hits="1" branch="false"/>
            <line number="73" hits="1" branch="true" condition-coverage="100% (1/1)"/>
            <line number="74" hits="4" branch="true" condition-coverage="0% (0/1)"/>
            <line number="75" hits="4" branch="false"/>
            <line number="76" hits="1" branch="false"/>
            <line number="77" hits="1" branch="true" condition-coverage="100% (1/1)"/>
            <line number="78" hits="5" branch="false"/>
            <line number="79" hits="5" branch="false"/>
            <line number="80" hits="5" branch="false"/>
            <line number="81" hits="5" branch="false"/>
            <line number="82" hits="5" branch="false"/>
            <line number="83" hits="5" branch="false"/>
            <line number="84" hits="1" branch="false"/>
            <line number="85" hits="1" branch="true" condition-coverage="100% (2/2)"/>
            <line number="86" hits="5" branch="true" condition-coverage="0% (0/1)"/>
            <line number="87" hits="0" branch="false"/>
            <line number="88" hits="0" branch="false"/>
            <line number="89" hits="5" branch="false"/>
            <line number="90" hits="1" branch="false"/>
            <line number="91" hits="1" branch="true" condition-coverage="100% (2/2)"/>
            <line number="92" hits="5" branch="false"/>
            <line number="93" hits="5" branch="false"/>
            <line number="94" hits="1" branch="false"/>
            <line number="95" hits="1" branch="true" condition-coverage="100% (2/2)"/>
            <line number="96" hits="5" branch="true" condition-coverage="0% (0/1)"/>
            <line number="97" hits="0" branch="false"/>
            <line number="98" hits="0" branch="false"/>
            <line number="99" hits="5" branch="false"/>
            <line number="100" hits="1" branch="false"/>
            <line number="101" hits="1" branch="false"/>
            <line number="102" hits="0" branch="false"/>
            <line number="103" hits="0" branch="false"/>
            <line number="104" hits="1" branch="false"/>
            <line number="105" hits="1" branch="false"/>
            <line number="106" hits="1" branch="false"/>
            <line number="107" hits="1" branch="false"/>
          </lines>
        </class>
        <class name="filewalker.ts" filename="src/lib/filewalker.ts" line-rate="0.9055" branch-rate="0.8269">
          <methods>
            <method name="FileWalkerBatchCounter" hits="10" signature="()V">
              <lines>
                <line number="36" hits="10"/>
              </lines>
            </method>
            <method name="get value" hits="0" signature="()V">
              <lines>
                <line number="41" hits="0"/>
              </lines>
            </method>
            <method name="up" hits="394" signature="()V">
              <lines>
                <line number="45" hits="394"/>
              </lines>
            </method>
            <method name="down" hits="394" signature="()V">
              <lines>
                <line number="54" hits="394"/>
              </lines>
            </method>
            <method name="FileWalkerQueue" hits="2" signature="()V">
              <lines>
                <line number="70" hits="2"/>
              </lines>
            </method>
            <method name="add" hits="394" signature="()V">
              <lines>
                <line number="74" hits="394"/>
              </lines>
            </method>
            <method name="check" hits="788" signature="()V">
              <lines>
                <line number="83" hits="788"/>
              </lines>
            </method>
            <method name="empty" hits="10" signature="()V">
              <lines>
                <line number="101" hits="10"/>
              </lines>
            </method>
            <method name="createTemporaryFolder" hits="4" signature="()V">
              <lines>
                <line number="112" hits="4"/>
              </lines>
            </method>
            <method name="countLines" hits="10" signature="()V">
              <lines>
                <line number="116" hits="10"/>
              </lines>
            </method>
            <method name="onFolder" hits="6" signature="()V">
              <lines>
                <line number="129" hits="6"/>
              </lines>
            </method>
            <method name="onFile" hits="14" signature="()V">
              <lines>
                <line number="141" hits="14"/>
              </lines>
            </method>
            <method name="onLogFile" hits="10" signature="()V">
              <lines>
                <line number="153" hits="10"/>
              </lines>
            </method>
            <method name="onZipFile" hits="0" signature="()V">
              <lines>
                <line number="186" hits="0"/>
              </lines>
            </method>
            <method name="onTarGzFile" hits="4" signature="()V">
              <lines>
                <line number="192" hits="4"/>
              </lines>
            </method>
            <method name="onArchive" hits="4" signature="()V">
              <lines>
                <line number="204" hits="4"/>
              </lines>
            </method>
            <method name="onLine" hits="394" signature="()V">
              <lines>
                <line number="221" hits="394"/>
              </lines>
            </method>
            <method name="runOnSomething" hits="16" signature="()V">
              <lines>
                <line number="237" hits="16"/>
              </lines>
            </method>
            <method name="runFileWalker" hits="2" signature="()V">
              <lines>
                <line number="246" hits="2"/>
              </lines>
            </method>
          </methods>
          <lines>
            <line number="1" hits="1" branch="false"/>
            <line number="2" hits="1" branch="false"/>
            <line number="3" hits="1" branch="false"/>
            <line number="4" hits="1" branch="false"/>
            <line number="5" hits="1" branch="false"/>
            <line number="6" hits="1" branch="false"/>
            <line number="7" hits="1" branch="false"/>
            <line number="8" hits="1" branch="false"/>
            <line number="9" hits="1" branch="false"/>
            <line number="10" hits="1" branch="false"/>
            <line number="11" hits="1" branch="false"/>
            <line number="12" hits="1" branch="false"/>
            <line number="13" hits="1" branch="false"/>
            <line number="14" hits="1" branch="false"/>
            <line number="15" hits="1" branch="false"/>
            <line number="16" hits="1" branch="false"/>
            <line number="17" hits="1" branch="false"/>
            <line number="18" hits="1" branch="false"/>
            <line number="19" hits="1" branch="false"/>
            <line number="20" hits="1" branch="false"/>
            <line number="21" hits="1" branch="false"/>
            <line number="22" hits="1" branch="false"/>
            <line number="23" hits="1" branch="false"/>
            <line number="24" hits="1" branch="false"/>
            <line number="25" hits="1" branch="false"/>
            <line number="26" hits="1" branch="false"/>
            <line number="27" hits="1" branch="false"/>
            <line number="28" hits="1" branch="false"/>
            <line number="29" hits="1" branch="false"/>
            <line number="30" hits="1" branch="false"/>
            <line number="31" hits="1" branch="false"/>
            <line number="32" hits="1" branch="false"/>
            <line number="33" hits="1" branch="false"/>
            <line number="34" hits="1" branch="false"/>
            <line number="35" hits="1" branch="false"/>
            <line number="36" hits="1" branch="true" condition-coverage="100% (1/1)"/>
            <line number="37" hits="10" branch="false"/>
            <line number="38" hits="10" branch="true" condition-coverage="0% (0/1)"/>
            <line number="39" hits="10" branch="false"/>
            <line number="40" hits="1" branch="false"/>
            <line number="41" hits="1" branch="false"/>
            <line number="42" hits="0" branch="false"/>
            <line number="43" hits="0" branch="false"/>
            <line number="44" hits="1" branch="false"/>
            <line number="45" hits="1" branch="true" condition-coverage="100% (1/1)"/>
            <line number="46" hits="394" branch="false"/>
            <line number="47" hits="394" branch="false"/>
            <line number="48" hits="394" branch="true" condition-coverage="0% (0/2)"/>
            <line number="49" hits="0" branch="false"/>
            <line number="50" hits="0" branch="false"/>
            <line number="51" hits="0" branch="false"/>
            <line number="52" hits="394" branch="false"/>
            <line number="53" hits="1" branch="false"/>
            <line number="54" hits="1" branch="true" condition-coverage="100% (1/1)"/>
            <line number="55" hits="394" branch="false"/>
            <line number="56" hits="394" branch="false"/>
            <line number="57" hits="394" branch="true" condition-coverage="0% (0/1)"/>
            <line number="58" hits="0" branch="false"/>
            <line number="59" hits="0" branch="false"/>
            <line number="60" hits="0" branch="false"/>
            <line number="61" hits="394" branch="false"/>
            <line number="62" hits="1" branch="false"/>
            <line number="63" hits="1" branch="false"/>
            <line number="64" hits="1" branch="false"/>
            <line number="65" hits="1" branch="false"/>
            <line number="66" hits="1" branch="false"/>
            <line number="67" hits="1" branch="false"/>
            <line number="68" hits="1" branch="false"/>
            <line number="69" hits="1" branch="false"/>
            <line number="70" hits="1" branch="true" condition-coverage="100% (1/1)"/>
            <line number="71" hits="2" branch="false"/>
            <line number="72" hits="2" branch="false"/>
            <line number="73" hits="1" branch="false"/>
            <line number="74" hits="1" branch="true" condition-coverage="100% (1/1)"/>
            <line number="75" hits="394" branch="true" condition-coverage="100% (1/1)"/>
            <line number="76" hits="394" branch="true" condition-coverage="100% (1/1)"/>
            <line number="77" hits="394" branch="true" condition-coverage="100% (1/1)"/>
            <line number="78" hits="394" branch="false"/>
            <line number="79" hits="394" branch="false"/>
            <line number="80" hits="394" branch="false"/>
            <line number="81" hits="394" branch="false"/>
            <line number="82" hits="1" branch="false"/>
            <line number="83" hits="1" branch="true" condition-coverage="100% (1/1)"/>
            <line number="84" hits="788" branch="true" condition-coverage="100% (1/1)"/>
            <line number="85" hits="268" branch="false"/>
            <line number="86" hits="268" branch="false"/>
            <line number="87" hits="520" branch="true" condition-coverage="100% (1/1)"/>
            <line number="88" hits="520" branch="false"/>
            <line number="89" hits="788" branch="true" condition-coverage="100% (1/1)"/>
            <line number="90" hits="126" branch="false"/>
            <line number="91" hits="126" branch="false"/>
            <line number="92" hits="126" branch="false"/>
            <line number="93" hits="394" branch="true" condition-coverage="100% (1/1)"/>
            <line number="94" hits="394" branch="false"/>
            <line number="95" hits="394" branch="true" condition-coverage="100% (1/1)"/>
            <line number="96" hits="394" branch="false"/>
            <line number="97" hits="394" branch="false"/>
            <line number="98" hits="394" branch="false"/>
            <line number="99" hits="394" branch="false"/>
            <line number="100" hits="1" branch="false"/>
            <line number="101" hits="1" branch="true" condition-coverage="100% (1/1)"/>
            <line number="102" hits="10" branch="false"/>
            <line number="103" hits="10" branch="false"/>
            <line number="104" hits="10" branch="false"/>
            <line number="105" hits="0" branch="true" condition-coverage="0% (0/1)"/>
            <line number="106" hits="0" branch="false"/>
            <line number="107" hits="0" branch="false"/>
            <line number="108" hits="0" branch="false"/>
            <line number="109" hits="0" branch="false"/>
            <line number="110" hits="1" branch="false"/>
            <line number="111" hits="1" branch="false"/>
            <line number="112" hits="4" branch="true" condition-coverage="100% (1/1)"/>
            <line number="113" hits="4" branch="false"/>
            <line number="114" hits="4" branch="false"/>
            <line number="115" hits="1" branch="false"/>
            <line number="116" hits="10" branch="true" condition-coverage="100% (1/1)"/>
            <line number="117" hits="10" branch="false"/>
            <line number="118" hits="10" branch="false"/>
            <line number="119" hits="10" branch="false"/>
            <line number="120" hits="10" branch="false"/>
            <line number="121" hits="10" branch="false"/>
            <line number="122" hits="10" branch="true" condition-coverage="100% (1/1)"/>
            <line number="123" hits="10" branch="false"/>
            <line number="124" hits="10" branch="true" condition-coverage="100% (1/1)"/>
            <line number="125" hits="10" branch="true" condition-coverage="100% (1/1)"/>
            <line number="126" hits="10" branch="false"/>
            <line number="127" hits="10" branch="false"/>
            <line number="128" hits="1" branch="false"/>
            <line number="129" hits="6" branch="true" condition-coverage="100% (1/1)"/>
            <line number="130" hits="6" branch="false"/>
            <line number="131" hits="6" branch="true" condition-coverage="100% (1/1)"/>
            <line number="132" hits="14" branch="false"/>
            <line number="133" hits="14" branch="false"/>
            <line number="134" hits="14" branch="false"/>
            <line number="135" hits="14" branch="false"/>
            <line number="136" hits="14" branch="false"/>
            <line number="137" hits="14" branch="false"/>
            <line number="138" hits="14" branch="false"/>
            <line number="139" hits="6" branch="false"/>
            <line number="140" hits="1" branch="false"/>
            <line number="141" hits="14" branch="true" condition-coverage="100% (1/1)"/>
            <line number="142" hits="14" branch="false"/>
            <line number="143" hits="14" branch="false"/>
            <line number="144" hits="14" branch="true" condition-coverage="100% (1/1)"/>
            <line number="145" hits="10" branch="false"/>
            <line number="146" hits="14" branch="true" condition-coverage="50% (1/2)"/>
            <line number="147" hits="0" branch="false"/>
            <line number="148" hits="4" branch="false"/>
            <line number="149" hits="4" branch="false"/>
            <line number="150" hits="4" branch="false"/>
            <line number="151" hits="14" branch="false"/>
            <line number="152" hits="1" branch="false"/>
            <line number="153" hits="10" branch="true" condition-coverage="100% (1/1)"/>
            <line number="154" hits="10" branch="false"/>
            <line number="155" hits="10" branch="false"/>
            <line number="156" hits="10" branch="false"/>
            <line number="157" hits="10" branch="false"/>
            <line number="158" hits="10" branch="false"/>
            <line number="159" hits="10" branch="false"/>
            <line number="160" hits="10" branch="false"/>
            <line number="161" hits="10" branch="false"/>
            <line number="162" hits="10" branch="false"/>
            <line number="163" hits="10" branch="true" condition-coverage="100% (1/1)"/>
            <line number="164" hits="394" branch="false"/>
            <line number="165" hits="394" branch="false"/>
            <line number="166" hits="394" branch="false"/>
            <line number="167" hits="394" branch="true" condition-coverage="0% (0/1)"/>
            <line number="168" hits="0" branch="false"/>
            <line number="169" hits="0" branch="false"/>
            <line number="170" hits="394" branch="false"/>
            <line number="171" hits="394" branch="false"/>
            <line number="172" hits="394" branch="false"/>
            <line number="173" hits="394" branch="true" condition-coverage="100% (1/1)"/>
            <line number="174" hits="394" branch="false"/>
            <line number="175" hits="394" branch="false"/>
            <line number="176" hits="10" branch="false"/>
            <line number="177" hits="10" branch="false"/>
            <line number="178" hits="10" branch="true" condition-coverage="100% (1/1)"/>
            <line number="179" hits="10" branch="true" condition-coverage="100% (1/1)"/>
            <line number="180" hits="10" branch="false"/>
            <line number="181" hits="10" branch="false"/>
            <line number="182" hits="10" branch="false"/>
            <line number="183" hits="10" branch="false"/>
            <line number="184" hits="10" branch="false"/>
            <line number="185" hits="1" branch="false"/>
            <line number="186" hits="0" branch="false"/>
            <line number="187" hits="0" branch="false"/>
            <line number="188" hits="0" branch="false"/>
            <line number="189" hits="0" branch="false"/>
            <line number="190" hits="0" branch="false"/>
            <line number="191" hits="1" branch="false"/>
            <line number="192" hits="4" branch="true" condition-coverage="100% (1/1)"/>
            <line number="193" hits="4" branch="true" condition-coverage="100% (3/3)"/>
            <line number="194" hits="4" branch="true" condition-coverage="100% (1/1)"/>
            <line number="195" hits="4" branch="true" condition-coverage="0% (0/1)"/>
            <line number="196" hits="0" branch="false"/>
            <line number="197" hits="4" branch="false"/>
            <line number="198" hits="4" branch="false"/>
            <line number="199" hits="4" branch="false"/>
            <line number="200" hits="4" branch="false"/>
            <line number="201" hits="4" branch="false"/>
            <line number="202" hits="4" branch="false"/>
            <line number="203" hits="1" branch="false"/>
            <line number="204" hits="4" branch="true" condition-coverage="100% (1/1)"/>
            <line number="205" hits="4" branch="false"/>
            <line number="206" hits="4" branch="false"/>
            <line number="207" hits="4" branch="false"/>
            <line number="208" hits="4" branch="false"/>
            <line number="209" hits="4" branch="false"/>
            <line number="210" hits="4" branch="false"/>
            <line number="211" hits="4" branch="false"/>
            <line number="212" hits="4" branch="false"/>
            <line number="213" hits="4" branch="false"/>
            <line number="214" hits="4" branch="false"/>
            <line number="215" hits="4" branch="false"/>
            <line number="216" hits="4" branch="false"/>
            <line number="217" hits="4" branch="false"/>
            <line number="218" hits="4" branch="false"/>
            <line number="219" hits="4" branch="false"/>
            <line number="220" hits="1" branch="false"/>
            <line number="221" hits="394" branch="true" condition-coverage="100% (1/1)"/>
            <line number="222" hits="394" branch="false"/>
            <line number="223" hits="394" branch="false"/>
            <line number="224" hits="394" branch="true" condition-coverage="100% (2/2)"/>
            <line number="225" hits="394" branch="false"/>
            <line number="226" hits="394" branch="false"/>
            <line number="227" hits="394" branch="false"/>
            <line number="228" hits="394" branch="true" condition-coverage="0% (0/1)"/>
            <line number="229" hits="0" branch="false"/>
            <line number="230" hits="0" branch="false"/>
            <line number="231" hits="394" branch="false"/>
            <line number="232" hits="394" branch="false"/>
            <line number="233" hits="394" branch="false"/>
            <line number="234" hits="394" branch="false"/>
            <line number="235" hits="394" branch="false"/>
            <line number="236" hits="1" branch="false"/>
            <line number="237" hits="16" branch="true" condition-coverage="100% (1/1)"/>
            <line number="238" hits="16" branch="true" condition-coverage="100% (1/1)"/>
            <line number="239" hits="2" branch="false"/>
            <line number="240" hits="2" branch="false"/>
            <line number="241" hits="16" branch="true" condition-coverage="100% (1/1)"/>
            <line number="242" hits="14" branch="false"/>
            <line number="243" hits="14" branch="false"/>
            <line number="244" hits="16" branch="false"/>
            <line number="245" hits="1" branch="false"/>
            <line number="246" hits="1" branch="true" condition-coverage="100% (1/1)"/>
            <line number="247" hits="2" branch="false"/>
            <line number="248" hits="2" branch="false"/>
            <line number="249" hits="2" branch="false"/>
            <line number="250" hits="2" branch="false"/>
            <line number="251" hits="2" branch="false"/>
            <line number="252" hits="2" branch="false"/>
            <line number="253" hits="2" branch="false"/>
            <line number="254" hits="2" branch="false"/>
          </lines>
        </class>
        <class name="index.ts" filename="src/lib/index.ts" line-rate="0.8426" branch-rate="0.5652">
          <methods>
            <method name="fhemLog2Db" hits="5" signature="()V">
              <lines>
                <line number="11" hits="5"/>
              </lines>
            </method>
            <method name="fhemLog2DbSyncAndClean" hits="4" signature="()V">
              <lines>
                <line number="49" hits="4"/>
              </lines>
            </method>
            <method name="isRunning" hits="2" signature="()V">
              <lines>
                <line number="65" hits="2"/>
              </lines>
            </method>
            <method name="checkRunningProcesses" hits="4" signature="()V">
              <lines>
                <line number="74" hits="4"/>
              </lines>
            </method>
          </methods>
          <lines>
            <line number="1" hits="1" branch="false"/>
            <line number="2" hits="1" branch="false"/>
            <line number="3" hits="1" branch="false"/>
            <line number="4" hits="1" branch="false"/>
            <line number="5" hits="1" branch="false"/>
            <line number="6" hits="1" branch="false"/>
            <line number="7" hits="1" branch="false"/>
            <line number="8" hits="1" branch="false"/>
            <line number="9" hits="1" branch="false"/>
            <line number="10" hits="1" branch="false"/>
            <line number="11" hits="1" branch="true" condition-coverage="100% (1/1)"/>
            <line number="12" hits="5" branch="true" condition-coverage="0% (0/1)"/>
            <line number="13" hits="0" branch="false"/>
            <line number="14" hits="0" branch="false"/>
            <line number="15" hits="5" branch="true" condition-coverage="100% (1/1)"/>
            <line number="16" hits="1" branch="false"/>
            <line number="17" hits="1" branch="false"/>
            <line number="18" hits="5" branch="false"/>
            <line number="19" hits="5" branch="true" condition-coverage="0% (0/1)"/>
            <line number="20" hits="0" branch="false"/>
            <line number="21" hits="0" branch="false"/>
            <line number="22" hits="0" branch="false"/>
            <line number="23" hits="5" branch="false"/>
            <line number="24" hits="5" branch="false"/>
            <line number="25" hits="5" branch="false"/>
            <line number="26" hits="5" branch="false"/>
            <line number="27" hits="5" branch="true" condition-coverage="0% (0/1)"/>
            <line number="28" hits="0" branch="false"/>
            <line number="29" hits="0" branch="false"/>
            <line number="30" hits="0" branch="false"/>
            <line number="31" hits="0" branch="false"/>
            <line number="32" hits="0" branch="false"/>
            <line number="33" hits="5" branch="false"/>
            <line number="34" hits="5" branch="true" condition-coverage="100% (1/1)"/>
            <line number="35" hits="1" branch="false"/>
            <line number="36" hits="1" branch="false"/>
            <line number="37" hits="1" branch="false"/>
            <line number="38" hits="4" branch="true" condition-coverage="100% (1/1)"/>
            <line number="39" hits="4" branch="false"/>
            <line number="40" hits="4" branch="false"/>
            <line number="41" hits="4" branch="false"/>
            <line number="42" hits="4" branch="false"/>
            <line number="43" hits="4" branch="false"/>
            <line number="44" hits="4" branch="false"/>
            <line number="45" hits="4" branch="true" condition-coverage="0% (0/2)"/>
            <line number="46" hits="4" branch="false"/>
            <line number="47" hits="5" branch="false"/>
            <line number="48" hits="1" branch="false"/>
            <line number="49" hits="4" branch="true" condition-coverage="100% (1/1)"/>
            <line number="50" hits="4" branch="true" condition-coverage="100% (1/1)"/>
            <line number="51" hits="1" branch="false"/>
            <line number="52" hits="1" branch="false"/>
            <line number="53" hits="3" branch="true" condition-coverage="100% (2/2)"/>
            <line number="54" hits="1" branch="false"/>
            <line number="55" hits="1" branch="false"/>
            <line number="56" hits="2" branch="true" condition-coverage="100% (2/2)"/>
            <line number="57" hits="1" branch="false"/>
            <line number="58" hits="1" branch="false"/>
            <line number="59" hits="1" branch="false"/>
            <line number="60" hits="1" branch="false"/>
            <line number="61" hits="1" branch="false"/>
            <line number="62" hits="1" branch="false"/>
            <line number="63" hits="4" branch="false"/>
            <line number="64" hits="1" branch="false"/>
            <line number="65" hits="1" branch="true" condition-coverage="100% (1/1)"/>
            <line number="66" hits="2" branch="false"/>
            <line number="67" hits="2" branch="false"/>
            <line number="68" hits="2" branch="false"/>
            <line number="69" hits="2" branch="true" condition-coverage="100% (1/1)"/>
            <line number="70" hits="1" branch="false"/>
            <line number="71" hits="1" branch="false"/>
            <line number="72" hits="2" branch="false"/>
            <line number="73" hits="1" branch="false"/>
            <line number="74" hits="1" branch="true" condition-coverage="100% (1/1)"/>
            <line number="75" hits="4" branch="false"/>
            <line number="76" hits="4" branch="false"/>
            <line number="77" hits="4" branch="false"/>
            <line number="78" hits="4" branch="false"/>
            <line number="79" hits="4" branch="false"/>
            <line number="80" hits="4" branch="false"/>
            <line number="81" hits="4" branch="false"/>
            <line number="82" hits="4" branch="false"/>
            <line number="83" hits="4" branch="true" condition-coverage="0% (0/3)"/>
            <line number="84" hits="0" branch="false"/>
            <line number="85" hits="0" branch="false"/>
            <line number="86" hits="4" branch="true" condition-coverage="0% (0/2)"/>
            <line number="87" hits="0" branch="false"/>
            <line number="88" hits="0" branch="false"/>
            <line number="89" hits="4" branch="false"/>
          </lines>
        </class>
        <class name="line-parser.ts" filename="src/lib/line-parser.ts" line-rate="0.9272" branch-rate="0.5832999999999999">
          <methods>
            <method name="checkForStringLength" hits="1955" signature="()V">
              <lines>
                <line number="10" hits="1955"/>
              </lines>
            </method>
            <method name="parseLine" hits="397" signature="()V">
              <lines>
                <line number="18" hits="397"/>
              </lines>
            </method>
          </methods>
          <lines>
            <line number="1" hits="1" branch="false"/>
            <line number="2" hits="1" branch="false"/>
            <line number="3" hits="1" branch="false"/>
            <line number="4" hits="1" branch="false"/>
            <line number="5" hits="1" branch="false"/>
            <line number="6" hits="1" branch="false"/>
            <line number="7" hits="1" branch="false"/>
            <line number="8" hits="1" branch="false"/>
            <line number="9" hits="1" branch="false"/>
            <line number="10" hits="1955" branch="true" condition-coverage="100% (1/1)"/>
            <line number="11" hits="1955" branch="true" condition-coverage="50% (1/2)"/>
            <line number="12" hits="0" branch="false"/>
            <line number="13" hits="0" branch="false"/>
            <line number="14" hits="1955" branch="false"/>
            <line number="15" hits="1955" branch="false"/>
            <line number="16" hits="1955" branch="false"/>
            <line number="17" hits="1" branch="false"/>
            <line number="18" hits="1" branch="true" condition-coverage="100% (1/1)"/>
            <line number="19" hits="397" branch="false"/>
            <line number="20" hits="397" branch="true" condition-coverage="0% (0/1)"/>
            <line number="21" hits="397" branch="false"/>
            <line number="22" hits="397" branch="true" condition-coverage="0% (0/1)"/>
            <line number="23" hits="0" branch="false"/>
            <line number="24" hits="0" branch="false"/>
            <line number="25" hits="397" branch="false"/>
            <line number="26" hits="397" branch="false"/>
            <line number="27" hits="397" branch="true" condition-coverage="100% (1/1)"/>
            <line number="28" hits="6" branch="false"/>
            <line number="29" hits="6" branch="false"/>
            <line number="30" hits="391" branch="true" condition-coverage="100% (1/1)"/>
            <line number="31" hits="391" branch="false"/>
            <line number="32" hits="391" branch="false"/>
            <line number="33" hits="397" branch="true" condition-coverage="0% (0/1)"/>
            <line number="34" hits="397" branch="false"/>
            <line number="35" hits="397" branch="false"/>
            <line number="36" hits="397" branch="true" condition-coverage="0% (0/1)"/>
            <line number="37" hits="397" branch="false"/>
            <line number="38" hits="397" branch="false"/>
            <line number="39" hits="397" branch="true" condition-coverage="100% (1/1)"/>
            <line number="40" hits="391" branch="false"/>
            <line number="41" hits="391" branch="true" condition-coverage="100% (1/1)"/>
            <line number="42" hits="1" branch="false"/>
            <line number="43" hits="1" branch="false"/>
            <line number="44" hits="1" branch="false"/>
            <line number="45" hits="391" branch="false"/>
            <line number="46" hits="391" branch="false"/>
            <line number="47" hits="391" branch="false"/>
            <line number="48" hits="391" branch="false"/>
            <line number="49" hits="391" branch="false"/>
            <line number="50" hits="391" branch="false"/>
            <line number="51" hits="391" branch="false"/>
            <line number="52" hits="391" branch="false"/>
            <line number="53" hits="391" branch="false"/>
            <line number="54" hits="391" branch="false"/>
            <line number="55" hits="391" branch="false"/>
          </lines>
        </class>
        <class name="task.ts" filename="src/lib/task.ts" line-rate="0.7593000000000001" branch-rate="0.8148000000000001">
          <methods>
            <method name="createTask" hits="2" signature="()V">
              <lines>
                <line number="15" hits="2"/>
              </lines>
            </method>
            <method name="setLevel" hits="1" signature="()V">
              <lines>
                <line number="39" hits="1"/>
              </lines>
            </method>
            <method name="Task" hits="14" signature="()V">
              <lines>
                <line number="43" hits="14"/>
              </lines>
            </method>
            <method name="status" hits="195" signature="()V">
              <lines>
                <line number="51" hits="195"/>
              </lines>
            </method>
            <method name="statusFiller" hits="202" signature="()V">
              <lines>
                <line number="60" hits="202"/>
              </lines>
            </method>
            <method name="debug" hits="0" signature="()V">
              <lines>
                <line number="69" hits="0"/>
              </lines>
            </method>
            <method name="log" hits="8" signature="()V">
              <lines>
                <line number="76" hits="8"/>
              </lines>
            </method>
            <method name="warn" hits="0" signature="()V">
              <lines>
                <line number="83" hits="0"/>
              </lines>
            </method>
            <method name="error" hits="0" signature="()V">
              <lines>
                <line number="90" hits="0"/>
              </lines>
            </method>
            <method name="progress" hits="394" signature="()V">
              <lines>
                <line number="97" hits="394"/>
              </lines>
            </method>
            <method name="finally" hits="14" signature="()V">
              <lines>
                <line number="104" hits="14"/>
              </lines>
            </method>
          </methods>
          <lines>
            <line number="1" hits="1" branch="false"/>
            <line number="2" hits="1" branch="true" condition-coverage="100% (1/1)"/>
            <line number="3" hits="1" branch="false"/>
            <line number="4" hits="1" branch="false"/>
            <line number="5" hits="1" branch="false"/>
            <line number="6" hits="1" branch="false"/>
            <line number="7" hits="1" branch="false"/>
            <line number="8" hits="1" branch="false"/>
            <line number="9" hits="1" branch="false"/>
            <line number="10" hits="1" branch="false"/>
            <line number="11" hits="1" branch="false"/>
            <line number="12" hits="1" branch="false"/>
            <line number="13" hits="1" branch="false"/>
            <line number="14" hits="1" branch="false"/>
            <line number="15" hits="1" branch="true" condition-coverage="100% (1/1)"/>
            <line number="16" hits="2" branch="false"/>
            <line number="17" hits="2" branch="false"/>
            <line number="18" hits="2" branch="false"/>
            <line number="19" hits="2" branch="false"/>
            <line number="20" hits="2" branch="false"/>
            <line number="21" hits="2" branch="true" condition-coverage="0% (0/1)"/>
            <line number="22" hits="0" branch="false"/>
            <line number="23" hits="0" branch="false"/>
            <line number="24" hits="0" branch="false"/>
            <line number="25" hits="0" branch="false"/>
            <line number="26" hits="2" branch="false"/>
            <line number="27" hits="2" branch="false"/>
            <line number="28" hits="2" branch="false"/>
            <line number="29" hits="1" branch="false"/>
            <line number="30" hits="1" branch="false"/>
            <line number="31" hits="1" branch="false"/>
            <line number="32" hits="1" branch="false"/>
            <line number="33" hits="1" branch="false"/>
            <line number="34" hits="1" branch="false"/>
            <line number="35" hits="1" branch="false"/>
            <line number="36" hits="1" branch="false"/>
            <line number="37" hits="1" branch="false"/>
            <line number="38" hits="1" branch="false"/>
            <line number="39" hits="1" branch="true" condition-coverage="100% (1/1)"/>
            <line number="40" hits="1" branch="false"/>
            <line number="41" hits="1" branch="false"/>
            <line number="42" hits="1" branch="false"/>
            <line number="43" hits="1" branch="true" condition-coverage="100% (1/1)"/>
            <line number="44" hits="14" branch="false"/>
            <line number="45" hits="14" branch="false"/>
            <line number="46" hits="14" branch="true" condition-coverage="100% (1/1)"/>
            <line number="47" hits="7" branch="false"/>
            <line number="48" hits="7" branch="false"/>
            <line number="49" hits="14" branch="false"/>
            <line number="50" hits="1" branch="false"/>
            <line number="51" hits="1" branch="true" condition-coverage="100% (1/1)"/>
            <line number="52" hits="195" branch="true" condition-coverage="0% (0/1)"/>
            <line number="53" hits="0" branch="false"/>
            <line number="54" hits="0" branch="false"/>
            <line number="55" hits="195" branch="false"/>
            <line number="56" hits="195" branch="false"/>
            <line number="57" hits="195" branch="false"/>
            <line number="58" hits="195" branch="false"/>
            <line number="59" hits="1" branch="false"/>
            <line number="60" hits="1" branch="true" condition-coverage="100% (1/1)"/>
            <line number="61" hits="202" branch="false"/>
            <line number="62" hits="202" branch="true" condition-coverage="100% (1/1)"/>
            <line number="63" hits="198" branch="false"/>
            <line number="64" hits="198" branch="false"/>
            <line number="65" hits="4" branch="true" condition-coverage="100% (1/1)"/>
            <line number="66" hits="4" branch="false"/>
            <line number="67" hits="4" branch="false"/>
            <line number="68" hits="1" branch="false"/>
            <line number="69" hits="1" branch="false"/>
            <line number="70" hits="0" branch="false"/>
            <line number="71" hits="0" branch="false"/>
            <line number="72" hits="0" branch="false"/>
            <line number="73" hits="0" branch="false"/>
            <line number="74" hits="0" branch="false"/>
            <line number="75" hits="1" branch="false"/>
            <line number="76" hits="1" branch="true" condition-coverage="100% (1/1)"/>
            <line number="77" hits="8" branch="false"/>
            <line number="78" hits="8" branch="false"/>
            <line number="79" hits="8" branch="false"/>
            <line number="80" hits="8" branch="false"/>
            <line number="81" hits="8" branch="false"/>
            <line number="82" hits="1" branch="false"/>
            <line number="83" hits="1" branch="false"/>
            <line number="84" hits="0" branch="false"/>
            <line number="85" hits="0" branch="false"/>
            <line number="86" hits="0" branch="false"/>
            <line number="87" hits="0" branch="false"/>
            <line number="88" hits="0" branch="false"/>
            <line number="89" hits="1" branch="false"/>
            <line number="90" hits="1" branch="false"/>
            <line number="91" hits="0" branch="false"/>
            <line number="92" hits="0" branch="false"/>
            <line number="93" hits="0" branch="false"/>
            <line number="94" hits="0" branch="false"/>
            <line number="95" hits="0" branch="false"/>
            <line number="96" hits="1" branch="false"/>
            <line number="97" hits="1" branch="true" condition-coverage="100% (1/1)"/>
            <line number="98" hits="394" branch="true" condition-coverage="100% (4/4)"/>
            <line number="99" hits="195" branch="false"/>
            <line number="100" hits="195" branch="false"/>
            <line number="101" hits="195" branch="false"/>
            <line number="102" hits="394" branch="false"/>
            <line number="103" hits="1" branch="false"/>
            <line number="104" hits="1" branch="true" condition-coverage="100% (1/1)"/>
            <line number="105" hits="14" branch="true" condition-coverage="100% (1/1)"/>
            <line number="106" hits="14" branch="true" condition-coverage="100% (1/1)"/>
            <line number="107" hits="14" branch="false"/>
            <line number="108" hits="14" branch="false"/>
            <line number="109" hits="14" branch="true" condition-coverage="100% (2/2)"/>
            <line number="110" hits="7" branch="true" condition-coverage="0% (0/1)"/>
            <line number="111" hits="7" branch="false"/>
            <line number="112" hits="7" branch="false"/>
            <line number="113" hits="14" branch="true" condition-coverage="100% (1/1)"/>
            <line number="114" hits="2" branch="true" condition-coverage="100% (1/1)"/>
            <line number="115" hits="4" branch="true" condition-coverage="0% (0/1)"/>
            <line number="116" hits="0" branch="false"/>
            <line number="117" hits="0" branch="false"/>
            <line number="118" hits="4" branch="false"/>
            <line number="119" hits="4" branch="false"/>
            <line number="120" hits="4" branch="false"/>
            <line number="121" hits="0" branch="true" condition-coverage="0% (0/1)"/>
            <line number="122" hits="0" branch="false"/>
            <line number="123" hits="0" branch="false"/>
            <line number="124" hits="0" branch="false"/>
            <line number="125" hits="0" branch="false"/>
            <line number="126" hits="0" branch="false"/>
            <line number="127" hits="0" branch="false"/>
            <line number="128" hits="0" branch="false"/>
            <line number="129" hits="0" branch="false"/>
            <line number="130" hits="2" branch="false"/>
            <line number="131" hits="2" branch="false"/>
            <line number="132" hits="14" branch="false"/>
            <line number="133" hits="1" branch="false"/>
          </lines>
        </class>
      </classes>
    </package>
  </packages>
</coverage>
