<?xml version="1.0" ?>
<!DOCTYPE coverage SYSTEM "http://cobertura.sourceforge.net/xml/coverage-04.dtd">
<coverage lines-valid="374" lines-covered="282" line-rate="0.754" branches-valid="168" branches-covered="105" branch-rate="0.625" timestamp="1642757017944" complexity="0" version="0.1">
  <sources>
    <source>/home/runner/work/fhem-log2db/fhem-log2db</source>
  </sources>
  <packages>
    <package name="bin" line-rate="0" branch-rate="0">
      <classes>
        <class name="cli.ts" filename="src/bin/cli.ts" line-rate="0" branch-rate="0">
          <methods>
            <method name="(anonymous_0)" hits="0" signature="()V">
              <lines>
                <line number="16" hits="0"/>
              </lines>
            </method>
          </methods>
          <lines>
            <line number="6" hits="0" branch="false"/>
            <line number="7" hits="0" branch="true" condition-coverage="0% (0/2)"/>
            <line number="8" hits="0" branch="false"/>
            <line number="9" hits="0" branch="false"/>
            <line number="12" hits="0" branch="false"/>
            <line number="13" hits="0" branch="false"/>
            <line number="14" hits="0" branch="false"/>
            <line number="16" hits="0" branch="false"/>
            <line number="17" hits="0" branch="false"/>
            <line number="18" hits="0" branch="false"/>
          </lines>
        </class>
      </classes>
    </package>
    <package name="commands" line-rate="0.6389" branch-rate="0.5263">
      <classes>
        <class name="clean.ts" filename="src/commands/clean.ts" line-rate="0.8125" branch-rate="0.5">
          <methods>
            <method name="cleanCommand" hits="2" signature="()V">
              <lines>
                <line number="5" hits="2"/>
              </lines>
            </method>
            <method name="(anonymous_10)" hits="2" signature="()V">
              <lines>
                <line number="11" hits="2"/>
              </lines>
            </method>
            <method name="(anonymous_11)" hits="2" signature="()V">
              <lines>
                <line number="11" hits="2"/>
              </lines>
            </method>
          </methods>
          <lines>
            <line number="1" hits="1" branch="false"/>
            <line number="2" hits="1" branch="false"/>
            <line number="3" hits="1" branch="false"/>
            <line number="5" hits="1" branch="false"/>
            <line number="6" hits="2" branch="false"/>
            <line number="7" hits="2" branch="true" condition-coverage="50% (1/2)"/>
            <line number="8" hits="0" branch="false"/>
            <line number="11" hits="2" branch="false"/>
            <line number="12" hits="2" branch="false"/>
            <line number="13" hits="2" branch="true" condition-coverage="50% (1/2)"/>
            <line number="14" hits="0" branch="false"/>
            <line number="15" hits="0" branch="false"/>
            <line number="18" hits="2" branch="false"/>
            <line number="19" hits="2" branch="false"/>
            <line number="26" hits="2" branch="false"/>
            <line number="34" hits="2" branch="false"/>
          </lines>
        </class>
        <class name="config.ts" filename="src/commands/config.ts" line-rate="1" branch-rate="1">
          <methods>
            <method name="configCommand" hits="1" signature="()V">
              <lines>
                <line number="3" hits="1"/>
              </lines>
            </method>
          </methods>
          <lines>
            <line number="1" hits="1" branch="false"/>
            <line number="3" hits="1" branch="false"/>
            <line number="4" hits="1" branch="false"/>
            <line number="5" hits="1" branch="false"/>
            <line number="6" hits="1" branch="false"/>
            <line number="7" hits="1" branch="false"/>
            <line number="8" hits="1" branch="false"/>
            <line number="9" hits="1" branch="false"/>
          </lines>
        </class>
        <class name="help.ts" filename="src/commands/help.ts" line-rate="1" branch-rate="1">
          <methods>
            <method name="helpCommand" hits="1" signature="()V">
              <lines>
                <line number="4" hits="1"/>
              </lines>
            </method>
          </methods>
          <lines>
            <line number="1" hits="1" branch="false"/>
            <line number="2" hits="1" branch="false"/>
            <line number="4" hits="1" branch="false"/>
            <line number="5" hits="1" branch="false"/>
            <line number="7" hits="1" branch="false"/>
            <line number="8" hits="1" branch="false"/>
            <line number="9" hits="1" branch="false"/>
            <line number="15" hits="1" branch="false"/>
            <line number="17" hits="1" branch="false"/>
            <line number="18" hits="1" branch="false"/>
            <line number="19" hits="1" branch="false"/>
            <line number="20" hits="1" branch="false"/>
            <line number="21" hits="1" branch="false"/>
          </lines>
        </class>
        <class name="setup.ts" filename="src/commands/setup.ts" line-rate="0.1429" branch-rate="0">
          <methods>
            <method name="setupCommand" hits="0" signature="()V">
              <lines>
                <line number="5" hits="0"/>
              </lines>
            </method>
            <method name="(anonymous_10)" hits="0" signature="()V">
              <lines>
                <line number="12" hits="0"/>
              </lines>
            </method>
            <method name="(anonymous_11)" hits="0" signature="()V">
              <lines>
                <line number="12" hits="0"/>
              </lines>
            </method>
            <method name="(anonymous_12)" hits="0" signature="()V">
              <lines>
                <line number="27" hits="0"/>
              </lines>
            </method>
            <method name="(anonymous_13)" hits="0" signature="()V">
              <lines>
                <line number="27" hits="0"/>
              </lines>
            </method>
            <method name="(anonymous_14)" hits="0" signature="()V">
              <lines>
                <line number="42" hits="0"/>
              </lines>
            </method>
            <method name="(anonymous_15)" hits="0" signature="()V">
              <lines>
                <line number="45" hits="0"/>
              </lines>
            </method>
            <method name="(anonymous_16)" hits="0" signature="()V">
              <lines>
                <line number="45" hits="0"/>
              </lines>
            </method>
            <method name="(anonymous_17)" hits="0" signature="()V">
              <lines>
                <line number="66" hits="0"/>
              </lines>
            </method>
          </methods>
          <lines>
            <line number="1" hits="1" branch="false"/>
            <line number="2" hits="1" branch="false"/>
            <line number="3" hits="1" branch="false"/>
            <line number="5" hits="1" branch="false"/>
            <line number="6" hits="0" branch="false"/>
            <line number="12" hits="0" branch="false"/>
            <line number="13" hits="0" branch="false"/>
            <line number="14" hits="0" branch="false"/>
            <line number="15" hits="0" branch="false"/>
            <line number="18" hits="0" branch="false"/>
            <line number="27" hits="0" branch="false"/>
            <line number="28" hits="0" branch="false"/>
            <line number="29" hits="0" branch="false"/>
            <line number="30" hits="0" branch="false"/>
            <line number="33" hits="0" branch="false"/>
            <line number="42" hits="0" branch="false"/>
            <line number="45" hits="0" branch="false"/>
            <line number="46" hits="0" branch="false"/>
            <line number="47" hits="0" branch="false"/>
            <line number="48" hits="0" branch="false"/>
            <line number="51" hits="0" branch="false"/>
            <line number="56" hits="0" branch="true" condition-coverage="0% (0/2)"/>
            <line number="57" hits="0" branch="false"/>
            <line number="59" hits="0" branch="true" condition-coverage="0% (0/2)"/>
            <line number="60" hits="0" branch="false"/>
            <line number="63" hits="0" branch="false"/>
            <line number="64" hits="0" branch="false"/>
            <line number="66" hits="0" branch="false"/>
          </lines>
        </class>
        <class name="sync.ts" filename="src/commands/sync.ts" line-rate="0.7209" branch-rate="0.6">
          <methods>
            <method name="syncPath" hits="2" signature="()V">
              <lines>
                <line number="7" hits="2"/>
              </lines>
            </method>
            <method name="(anonymous_10)" hits="394" signature="()V">
              <lines>
                <line number="10" hits="394"/>
              </lines>
            </method>
            <method name="syncLine" hits="394" signature="()V">
              <lines>
                <line number="15" hits="394"/>
              </lines>
            </method>
            <method name="syncCommand" hits="2" signature="()V">
              <lines>
                <line number="57" hits="2"/>
              </lines>
            </method>
          </methods>
          <lines>
            <line number="1" hits="1" branch="false"/>
            <line number="2" hits="1" branch="false"/>
            <line number="3" hits="1" branch="false"/>
            <line number="4" hits="1" branch="false"/>
            <line number="5" hits="1" branch="false"/>
            <line number="8" hits="2" branch="false"/>
            <line number="10" hits="394" branch="false"/>
            <line number="16" hits="394" branch="false"/>
            <line number="17" hits="394" branch="true" condition-coverage="50% (1/2)"/>
            <line number="18" hits="0" branch="false"/>
            <line number="21" hits="394" branch="false"/>
            <line number="22" hits="394" branch="true" condition-coverage="80% (4/5)"/>
            <line number="23" hits="394" branch="false"/>
            <line number="26" hits="0" branch="false"/>
            <line number="27" hits="0" branch="false"/>
            <line number="44" hits="0" branch="true" condition-coverage="0% (0/2)"/>
            <line number="45" hits="0" branch="false"/>
            <line number="48" hits="0" branch="false"/>
            <line number="49" hits="0" branch="false"/>
            <line number="50" hits="0" branch="false"/>
            <line number="51" hits="0" branch="false"/>
            <line number="53" hits="0" branch="false"/>
            <line number="57" hits="1" branch="true" condition-coverage="0% (0/1)"/>
            <line number="58" hits="2" branch="false"/>
            <line number="59" hits="2" branch="true" condition-coverage="50% (1/2)"/>
            <line number="60" hits="0" branch="false"/>
            <line number="63" hits="2" branch="false"/>
            <line number="70" hits="2" branch="true" condition-coverage="50% (1/2)"/>
            <line number="71" hits="2" branch="false"/>
            <line number="74" hits="2" branch="true" condition-coverage="50% (1/2)"/>
            <line number="75" hits="2" branch="false"/>
            <line number="76" hits="2" branch="false"/>
            <line number="91" hits="2" branch="true" condition-coverage="75% (3/4)"/>
            <line number="92" hits="2" branch="true" condition-coverage="50% (1/2)"/>
            <line number="94" hits="2" branch="false"/>
            <line number="95" hits="2" branch="true" condition-coverage="75% (3/4)"/>
            <line number="96" hits="2" branch="false"/>
            <line number="98" hits="2" branch="true" condition-coverage="75% (3/4)"/>
            <line number="99" hits="0" branch="false"/>
            <line number="103" hits="2" branch="false"/>
            <line number="104" hits="2" branch="false"/>
            <line number="107" hits="2" branch="false"/>
            <line number="110" hits="2" branch="false"/>
          </lines>
        </class>
      </classes>
    </package>
    <package name="lib" line-rate="0.8238" branch-rate="0.6667000000000001">
      <classes>
        <class name="config.ts" filename="src/lib/config.ts" line-rate="0.7273000000000001" branch-rate="0.5238">
          <methods>
            <method name="(anonymous_7)" hits="1" signature="()V">
              <lines>
                <line number="17" hits="1"/>
              </lines>
            </method>
            <method name="(anonymous_8)" hits="1" signature="()V">
              <lines>
                <line number="38" hits="1"/>
              </lines>
            </method>
            <method name="(anonymous_9)" hits="11" signature="()V">
              <lines>
                <line number="42" hits="11"/>
              </lines>
            </method>
            <method name="(anonymous_10)" hits="10" signature="()V">
              <lines>
                <line number="46" hits="10"/>
              </lines>
            </method>
            <method name="(anonymous_11)" hits="0" signature="()V">
              <lines>
                <line number="52" hits="0"/>
              </lines>
            </method>
            <method name="(anonymous_12)" hits="14" signature="()V">
              <lines>
                <line number="56" hits="14"/>
              </lines>
            </method>
            <method name="(anonymous_13)" hits="0" signature="()V">
              <lines>
                <line number="60" hits="0"/>
              </lines>
            </method>
            <method name="(anonymous_14)" hits="16" signature="()V">
              <lines>
                <line number="64" hits="16"/>
              </lines>
            </method>
            <method name="(anonymous_15)" hits="0" signature="()V">
              <lines>
                <line number="68" hits="0"/>
              </lines>
            </method>
            <method name="(anonymous_16)" hits="4" signature="()V">
              <lines>
                <line number="72" hits="4"/>
              </lines>
            </method>
            <method name="(anonymous_17)" hits="5" signature="()V">
              <lines>
                <line number="76" hits="5"/>
              </lines>
            </method>
            <method name="(anonymous_19)" hits="5" signature="()V">
              <lines>
                <line number="84" hits="5"/>
              </lines>
            </method>
            <method name="(anonymous_21)" hits="5" signature="()V">
              <lines>
                <line number="90" hits="5"/>
              </lines>
            </method>
            <method name="(anonymous_23)" hits="5" signature="()V">
              <lines>
                <line number="94" hits="5"/>
              </lines>
            </method>
            <method name="(anonymous_25)" hits="0" signature="()V">
              <lines>
                <line number="100" hits="0"/>
              </lines>
            </method>
          </methods>
          <lines>
            <line number="1" hits="1" branch="false"/>
            <line number="2" hits="1" branch="false"/>
            <line number="3" hits="1" branch="false"/>
            <line number="4" hits="1" branch="false"/>
            <line number="5" hits="1" branch="false"/>
            <line number="13" hits="1" branch="false"/>
            <line number="15" hits="1" branch="false"/>
            <line number="19" hits="1" branch="true" condition-coverage="50% (1/2)"/>
            <line number="20" hits="1" branch="false"/>
            <line number="22" hits="0" branch="true" condition-coverage="0% (0/2)"/>
            <line number="23" hits="0" branch="false"/>
            <line number="26" hits="0" branch="false"/>
            <line number="32" hits="1" branch="false"/>
            <line number="33" hits="1" branch="true" condition-coverage="50% (1/2)"/>
            <line number="34" hits="1" branch="false"/>
            <line number="39" hits="1" branch="false"/>
            <line number="43" hits="11" branch="false"/>
            <line number="47" hits="10" branch="false"/>
            <line number="53" hits="0" branch="false"/>
            <line number="57" hits="14" branch="true" condition-coverage="50% (1/2)"/>
            <line number="61" hits="0" branch="false"/>
            <line number="65" hits="16" branch="true" condition-coverage="50% (1/2)"/>
            <line number="69" hits="0" branch="false"/>
            <line number="73" hits="4" branch="true" condition-coverage="50% (1/2)"/>
            <line number="77" hits="5" branch="false"/>
            <line number="85" hits="5" branch="true" condition-coverage="50% (1/2)"/>
            <line number="86" hits="0" branch="false"/>
            <line number="91" hits="5" branch="false"/>
            <line number="95" hits="5" branch="true" condition-coverage="50% (1/2)"/>
            <line number="96" hits="0" branch="false"/>
            <line number="101" hits="0" branch="false"/>
            <line number="105" hits="1" branch="false"/>
            <line number="106" hits="1" branch="false"/>
          </lines>
        </class>
        <class name="filewalker.ts" filename="src/lib/filewalker.ts" line-rate="0.899" branch-rate="0.7813">
          <methods>
            <method name="(anonymous_8)" hits="10" signature="()V">
              <lines>
                <line number="35" hits="10"/>
              </lines>
            </method>
            <method name="(anonymous_9)" hits="0" signature="()V">
              <lines>
                <line number="40" hits="0"/>
              </lines>
            </method>
            <method name="(anonymous_10)" hits="394" signature="()V">
              <lines>
                <line number="44" hits="394"/>
              </lines>
            </method>
            <method name="(anonymous_11)" hits="394" signature="()V">
              <lines>
                <line number="53" hits="394"/>
              </lines>
            </method>
            <method name="(anonymous_12)" hits="2" signature="()V">
              <lines>
                <line number="69" hits="2"/>
              </lines>
            </method>
            <method name="(anonymous_13)" hits="394" signature="()V">
              <lines>
                <line number="73" hits="394"/>
              </lines>
            </method>
            <method name="(anonymous_14)" hits="394" signature="()V">
              <lines>
                <line number="74" hits="394"/>
              </lines>
            </method>
            <method name="(anonymous_15)" hits="394" signature="()V">
              <lines>
                <line number="75" hits="394"/>
              </lines>
            </method>
            <method name="(anonymous_16)" hits="394" signature="()V">
              <lines>
                <line number="76" hits="394"/>
              </lines>
            </method>
            <method name="(anonymous_17)" hits="788" signature="()V">
              <lines>
                <line number="82" hits="788"/>
              </lines>
            </method>
            <method name="(anonymous_18)" hits="394" signature="()V">
              <lines>
                <line number="94" hits="394"/>
              </lines>
            </method>
            <method name="(anonymous_19)" hits="394" signature="()V">
              <lines>
                <line number="96" hits="394"/>
              </lines>
            </method>
            <method name="(anonymous_20)" hits="10" signature="()V">
              <lines>
                <line number="100" hits="10"/>
              </lines>
            </method>
            <method name="(anonymous_21)" hits="6" signature="()V">
              <lines>
                <line number="105" hits="6"/>
              </lines>
            </method>
            <method name="(anonymous_22)" hits="6" signature="()V">
              <lines>
                <line number="106" hits="6"/>
              </lines>
            </method>
            <method name="createTemporaryFolder" hits="4" signature="()V">
              <lines>
                <line number="111" hits="4"/>
              </lines>
            </method>
            <method name="countLines" hits="10" signature="()V">
              <lines>
                <line number="115" hits="10"/>
              </lines>
            </method>
            <method name="(anonymous_27)" hits="394" signature="()V">
              <lines>
                <line number="121" hits="394"/>
              </lines>
            </method>
            <method name="(anonymous_28)" hits="10" signature="()V">
              <lines>
                <line number="123" hits="10"/>
              </lines>
            </method>
            <method name="(anonymous_29)" hits="10" signature="()V">
              <lines>
                <line number="124" hits="10"/>
              </lines>
            </method>
            <method name="onFolder" hits="6" signature="()V">
              <lines>
                <line number="128" hits="6"/>
              </lines>
            </method>
            <method name="onFile" hits="14" signature="()V">
              <lines>
                <line number="140" hits="14"/>
              </lines>
            </method>
            <method name="onLogFile" hits="10" signature="()V">
              <lines>
                <line number="152" hits="10"/>
              </lines>
            </method>
            <method name="(anonymous_36)" hits="394" signature="()V">
              <lines>
                <line number="162" hits="394"/>
              </lines>
            </method>
            <method name="(anonymous_37)" hits="394" signature="()V">
              <lines>
                <line number="166" hits="394"/>
              </lines>
            </method>
            <method name="(anonymous_38)" hits="10" signature="()V">
              <lines>
                <line number="171" hits="10"/>
              </lines>
            </method>
            <method name="(anonymous_39)" hits="10" signature="()V">
              <lines>
                <line number="172" hits="10"/>
              </lines>
            </method>
            <method name="onZipFile" hits="0" signature="()V">
              <lines>
                <line number="179" hits="0"/>
              </lines>
            </method>
            <method name="(anonymous_42)" hits="0" signature="()V">
              <lines>
                <line number="180" hits="0"/>
              </lines>
            </method>
            <method name="(anonymous_43)" hits="0" signature="()V">
              <lines>
                <line number="180" hits="0"/>
              </lines>
            </method>
            <method name="onTarGzFile" hits="4" signature="()V">
              <lines>
                <line number="185" hits="4"/>
              </lines>
            </method>
            <method name="(anonymous_46)" hits="4" signature="()V">
              <lines>
                <line number="186" hits="4"/>
              </lines>
            </method>
            <method name="(anonymous_47)" hits="4" signature="()V">
              <lines>
                <line number="186" hits="4"/>
              </lines>
            </method>
            <method name="(anonymous_48)" hits="4" signature="()V">
              <lines>
                <line number="186" hits="4"/>
              </lines>
            </method>
            <method name="(anonymous_49)" hits="4" signature="()V">
              <lines>
                <line number="187" hits="4"/>
              </lines>
            </method>
            <method name="onArchive" hits="4" signature="()V">
              <lines>
                <line number="197" hits="4"/>
              </lines>
            </method>
            <method name="onLine" hits="394" signature="()V">
              <lines>
                <line number="214" hits="394"/>
              </lines>
            </method>
            <method name="(anonymous_54)" hits="394" signature="()V">
              <lines>
                <line number="217" hits="394"/>
              </lines>
            </method>
            <method name="(anonymous_55)" hits="394" signature="()V">
              <lines>
                <line number="217" hits="394"/>
              </lines>
            </method>
            <method name="runOnSomething" hits="16" signature="()V">
              <lines>
                <line number="230" hits="16"/>
              </lines>
            </method>
            <method name="runFileWalker" hits="2" signature="()V">
              <lines>
                <line number="239" hits="2"/>
              </lines>
            </method>
          </methods>
          <lines>
            <line number="1" hits="1" branch="false"/>
            <line number="3" hits="1" branch="false"/>
            <line number="4" hits="1" branch="false"/>
            <line number="5" hits="1" branch="false"/>
            <line number="6" hits="1" branch="false"/>
            <line number="7" hits="1" branch="false"/>
            <line number="8" hits="1" branch="false"/>
            <line number="9" hits="1" branch="false"/>
            <line number="10" hits="1" branch="false"/>
            <line number="30" hits="10" branch="false"/>
            <line number="31" hits="10" branch="false"/>
            <line number="36" hits="10" branch="false"/>
            <line number="37" hits="10" branch="true" condition-coverage="50% (1/2)"/>
            <line number="41" hits="0" branch="false"/>
            <line number="45" hits="394" branch="false"/>
            <line number="47" hits="394" branch="true" condition-coverage="50% (2/4)"/>
            <line number="48" hits="0" branch="false"/>
            <line number="49" hits="0" branch="false"/>
            <line number="54" hits="394" branch="false"/>
            <line number="56" hits="394" branch="true" condition-coverage="75% (3/4)"/>
            <line number="57" hits="0" branch="false"/>
            <line number="58" hits="0" branch="false"/>
            <line number="65" hits="2" branch="false"/>
            <line number="66" hits="2" branch="false"/>
            <line number="67" hits="2" branch="false"/>
            <line number="70" hits="2" branch="true" condition-coverage="100% (2/2)"/>
            <line number="74" hits="394" branch="false"/>
            <line number="75" hits="394" branch="false"/>
            <line number="76" hits="394" branch="false"/>
            <line number="78" hits="394" branch="false"/>
            <line number="83" hits="788" branch="true" condition-coverage="100% (2/2)"/>
            <line number="84" hits="268" branch="false"/>
            <line number="87" hits="520" branch="false"/>
            <line number="88" hits="520" branch="true" condition-coverage="100% (2/2)"/>
            <line number="89" hits="126" branch="false"/>
            <line number="90" hits="126" branch="false"/>
            <line number="93" hits="394" branch="false"/>
            <line number="94" hits="394" branch="false"/>
            <line number="95" hits="394" branch="false"/>
            <line number="96" hits="394" branch="false"/>
            <line number="101" hits="10" branch="true" condition-coverage="100% (2/2)"/>
            <line number="102" hits="4" branch="false"/>
            <line number="105" hits="6" branch="false"/>
            <line number="106" hits="6" branch="false"/>
            <line number="112" hits="4" branch="false"/>
            <line number="116" hits="10" branch="false"/>
            <line number="120" hits="10" branch="false"/>
            <line number="121" hits="394" branch="false"/>
            <line number="123" hits="10" branch="false"/>
            <line number="124" hits="10" branch="false"/>
            <line number="129" hits="6" branch="false"/>
            <line number="130" hits="6" branch="false"/>
            <line number="131" hits="14" branch="false"/>
            <line number="136" hits="14" branch="false"/>
            <line number="141" hits="14" branch="false"/>
            <line number="143" hits="14" branch="true" condition-coverage="100% (2/2)"/>
            <line number="144" hits="10" branch="false"/>
            <line number="145" hits="4" branch="true" condition-coverage="50% (1/2)"/>
            <line number="146" hits="0" branch="false"/>
            <line number="147" hits="4" branch="true" condition-coverage="75% (3/4)"/>
            <line number="148" hits="4" branch="false"/>
            <line number="153" hits="10" branch="false"/>
            <line number="154" hits="10" branch="false"/>
            <line number="155" hits="10" branch="false"/>
            <line number="159" hits="10" branch="false"/>
            <line number="161" hits="10" branch="false"/>
            <line number="162" hits="10" branch="false"/>
            <line number="163" hits="394" branch="false"/>
            <line number="164" hits="394" branch="false"/>
            <line number="167" hits="394" branch="false"/>
            <line number="171" hits="10" branch="false"/>
            <line number="172" hits="10" branch="false"/>
            <line number="175" hits="10" branch="false"/>
            <line number="176" hits="10" branch="false"/>
            <line number="180" hits="0" branch="false"/>
            <line number="181" hits="0" branch="false"/>
            <line number="186" hits="4" branch="false"/>
            <line number="187" hits="4" branch="false"/>
            <line number="188" hits="4" branch="true" condition-coverage="50% (1/2)"/>
            <line number="189" hits="0" branch="false"/>
            <line number="191" hits="4" branch="false"/>
            <line number="198" hits="4" branch="false"/>
            <line number="200" hits="4" branch="false"/>
            <line number="201" hits="4" branch="false"/>
            <line number="202" hits="4" branch="false"/>
            <line number="206" hits="4" branch="false"/>
            <line number="215" hits="394" branch="false"/>
            <line number="217" hits="394" branch="false"/>
            <line number="218" hits="394" branch="false"/>
            <line number="219" hits="394" branch="false"/>
            <line number="222" hits="0" branch="false"/>
            <line number="225" hits="394" branch="false"/>
            <line number="231" hits="16" branch="true" condition-coverage="100% (2/2)"/>
            <line number="232" hits="2" branch="false"/>
            <line number="234" hits="16" branch="true" condition-coverage="100% (2/2)"/>
            <line number="235" hits="14" branch="false"/>
            <line number="239" hits="1" branch="false"/>
            <line number="240" hits="2" branch="false"/>
            <line number="241" hits="2" branch="false"/>
          </lines>
        </class>
        <class name="index.ts" filename="src/lib/index.ts" line-rate="0.7714" branch-rate="0.75">
          <methods>
            <method name="fhemLog2Db" hits="5" signature="()V">
              <lines>
                <line number="9" hits="5"/>
              </lines>
            </method>
            <method name="fhemLog2DbSyncAndClean" hits="4" signature="()V">
              <lines>
                <line number="44" hits="4"/>
              </lines>
            </method>
          </methods>
          <lines>
            <line number="1" hits="1" branch="false"/>
            <line number="2" hits="1" branch="false"/>
            <line number="3" hits="1" branch="false"/>
            <line number="4" hits="1" branch="false"/>
            <line number="5" hits="1" branch="false"/>
            <line number="6" hits="1" branch="false"/>
            <line number="7" hits="1" branch="false"/>
            <line number="9" hits="1" branch="false"/>
            <line number="10" hits="5" branch="true" condition-coverage="50% (1/2)"/>
            <line number="11" hits="0" branch="false"/>
            <line number="12" hits="0" branch="false"/>
            <line number="14" hits="5" branch="true" condition-coverage="50% (1/2)"/>
            <line number="15" hits="0" branch="false"/>
            <line number="16" hits="0" branch="false"/>
            <line number="19" hits="5" branch="false"/>
            <line number="20" hits="5" branch="false"/>
            <line number="23" hits="0" branch="false"/>
            <line number="24" hits="0" branch="false"/>
            <line number="25" hits="0" branch="false"/>
            <line number="26" hits="0" branch="false"/>
            <line number="29" hits="5" branch="true" condition-coverage="100% (2/2)"/>
            <line number="30" hits="1" branch="false"/>
            <line number="31" hits="1" branch="false"/>
            <line number="34" hits="4" branch="false"/>
            <line number="36" hits="4" branch="false"/>
            <line number="37" hits="4" branch="false"/>
            <line number="40" hits="4" branch="true" condition-coverage="50% (2/4)"/>
            <line number="45" hits="4" branch="true" condition-coverage="100% (2/2)"/>
            <line number="46" hits="1" branch="false"/>
            <line number="48" hits="3" branch="true" condition-coverage="100% (2/2)"/>
            <line number="49" hits="1" branch="false"/>
            <line number="51" hits="2" branch="true" condition-coverage="100% (2/2)"/>
            <line number="52" hits="1" branch="false"/>
            <line number="53" hits="1" branch="false"/>
            <line number="56" hits="1" branch="false"/>
          </lines>
        </class>
        <class name="line-parser.ts" filename="src/lib/line-parser.ts" line-rate="0.9167000000000001" branch-rate="0.75">
          <methods>
            <method name="checkForStringLength" hits="1940" signature="()V">
              <lines>
                <line number="10" hits="1940"/>
              </lines>
            </method>
            <method name="parseLine" hits="394" signature="()V">
              <lines>
                <line number="18" hits="394"/>
              </lines>
            </method>
          </methods>
          <lines>
            <line number="11" hits="1940" branch="true" condition-coverage="75% (3/4)"/>
            <line number="12" hits="0" branch="false"/>
            <line number="15" hits="1940" branch="false"/>
            <line number="18" hits="1" branch="false"/>
            <line number="19" hits="394" branch="false"/>
            <line number="20" hits="394" branch="true" condition-coverage="75% (3/4)"/>
            <line number="21" hits="394" branch="false"/>
            <line number="22" hits="394" branch="true" condition-coverage="75% (3/4)"/>
            <line number="23" hits="0" branch="false"/>
            <line number="26" hits="394" branch="false"/>
            <line number="27" hits="394" branch="true" condition-coverage="100% (2/2)"/>
            <line number="28" hits="6" branch="false"/>
            <line number="31" hits="388" branch="false"/>
            <line number="32" hits="388" branch="false"/>
            <line number="33" hits="388" branch="true" condition-coverage="50% (1/2)"/>
            <line number="35" hits="388" branch="false"/>
            <line number="36" hits="388" branch="true" condition-coverage="50% (1/2)"/>
            <line number="37" hits="388" branch="false"/>
            <line number="39" hits="388" branch="true" condition-coverage="50% (1/2)"/>
            <line number="40" hits="388" branch="false"/>
            <line number="41" hits="388" branch="true" condition-coverage="100% (2/2)"/>
            <line number="42" hits="328" branch="false"/>
            <line number="43" hits="328" branch="true" condition-coverage="100% (2/2)"/>
            <line number="47" hits="388" branch="false"/>
          </lines>
        </class>
        <class name="task.ts" filename="src/lib/task.ts" line-rate="0.7358" branch-rate="0.5455">
          <methods>
            <method name="(anonymous_7)" hits="1" signature="()V">
              <lines>
                <line number="2" hits="1"/>
              </lines>
            </method>
            <method name="createTask" hits="2" signature="()V">
              <lines>
                <line number="15" hits="2"/>
              </lines>
            </method>
            <method name="(anonymous_10)" hits="14" signature="()V">
              <lines>
                <line number="42" hits="14"/>
              </lines>
            </method>
            <method name="(anonymous_11)" hits="0" signature="()V">
              <lines>
                <line number="38" hits="0"/>
              </lines>
            </method>
            <method name="(anonymous_12)" hits="390" signature="()V">
              <lines>
                <line number="50" hits="390"/>
              </lines>
            </method>
            <method name="(anonymous_13)" hits="404" signature="()V">
              <lines>
                <line number="59" hits="404"/>
              </lines>
            </method>
            <method name="(anonymous_14)" hits="0" signature="()V">
              <lines>
                <line number="68" hits="0"/>
              </lines>
            </method>
            <method name="(anonymous_15)" hits="8" signature="()V">
              <lines>
                <line number="75" hits="8"/>
              </lines>
            </method>
            <method name="(anonymous_16)" hits="0" signature="()V">
              <lines>
                <line number="82" hits="0"/>
              </lines>
            </method>
            <method name="(anonymous_17)" hits="0" signature="()V">
              <lines>
                <line number="89" hits="0"/>
              </lines>
            </method>
            <method name="(anonymous_18)" hits="394" signature="()V">
              <lines>
                <line number="96" hits="394"/>
              </lines>
            </method>
            <method name="(anonymous_19)" hits="14" signature="()V">
              <lines>
                <line number="102" hits="14"/>
              </lines>
            </method>
            <method name="(anonymous_20)" hits="8" signature="()V">
              <lines>
                <line number="103" hits="8"/>
              </lines>
            </method>
            <method name="(anonymous_21)" hits="8" signature="()V">
              <lines>
                <line number="104" hits="8"/>
              </lines>
            </method>
            <method name="(anonymous_22)" hits="8" signature="()V">
              <lines>
                <line number="112" hits="8"/>
              </lines>
            </method>
          </methods>
          <lines>
            <line number="2" hits="1" branch="true" condition-coverage="100% (2/2)"/>
            <line number="3" hits="1" branch="false"/>
            <line number="4" hits="1" branch="false"/>
            <line number="5" hits="1" branch="false"/>
            <line number="6" hits="1" branch="false"/>
            <line number="15" hits="1" branch="false"/>
            <line number="16" hits="2" branch="false"/>
            <line number="18" hits="2" branch="false"/>
            <line number="19" hits="2" branch="false"/>
            <line number="22" hits="0" branch="false"/>
            <line number="23" hits="0" branch="false"/>
            <line number="26" hits="2" branch="false"/>
            <line number="30" hits="1" branch="false"/>
            <line number="31" hits="1" branch="false"/>
            <line number="34" hits="14" branch="false"/>
            <line number="35" hits="14" branch="false"/>
            <line number="36" hits="14" branch="false"/>
            <line number="39" hits="0" branch="false"/>
            <line number="43" hits="14" branch="false"/>
            <line number="45" hits="14" branch="true" condition-coverage="50% (1/2)"/>
            <line number="46" hits="14" branch="false"/>
            <line number="51" hits="390" branch="true" condition-coverage="50% (1/2)"/>
            <line number="52" hits="0" branch="false"/>
            <line number="55" hits="390" branch="false"/>
            <line number="56" hits="390" branch="false"/>
            <line number="60" hits="404" branch="false"/>
            <line number="61" hits="404" branch="true" condition-coverage="100% (2/2)"/>
            <line number="62" hits="396" branch="false"/>
            <line number="65" hits="8" branch="false"/>
            <line number="69" hits="0" branch="false"/>
            <line number="76" hits="8" branch="false"/>
            <line number="83" hits="0" branch="false"/>
            <line number="90" hits="0" branch="false"/>
            <line number="97" hits="394" branch="true" condition-coverage="100% (4/4)"/>
            <line number="98" hits="390" branch="false"/>
            <line number="103" hits="14" branch="false"/>
            <line number="104" hits="14" branch="false"/>
            <line number="105" hits="14" branch="false"/>
            <line number="107" hits="14" branch="true" condition-coverage="75% (3/4)"/>
            <line number="108" hits="14" branch="true" condition-coverage="50% (1/2)"/>
            <line number="109" hits="14" branch="false"/>
            <line number="111" hits="14" branch="true" condition-coverage="100% (2/2)"/>
            <line number="112" hits="4" branch="false"/>
            <line number="113" hits="8" branch="true" condition-coverage="50% (1/2)"/>
            <line number="114" hits="0" branch="false"/>
            <line number="116" hits="8" branch="true" condition-coverage="50% (1/2)"/>
            <line number="117" hits="8" branch="false"/>
            <line number="119" hits="0" branch="true" condition-coverage="0% (0/2)"/>
            <line number="120" hits="0" branch="false"/>
            <line number="122" hits="0" branch="true" condition-coverage="0% (0/5)"/>
            <line number="123" hits="0" branch="false"/>
            <line number="125" hits="0" branch="true" condition-coverage="0% (0/2)"/>
            <line number="126" hits="0" branch="false"/>
          </lines>
        </class>
      </classes>
    </package>
    <package name="prisma" line-rate="1" branch-rate="0.5">
      <classes>
        <class name="index.ts" filename="src/prisma/index.ts" line-rate="1" branch-rate="0.5">
          <methods>
            <method name="connect" hits="4" signature="()V">
              <lines>
                <line number="6" hits="4"/>
              </lines>
            </method>
            <method name="validateDatabaseUri" hits="5" signature="()V">
              <lines>
                <line number="16" hits="5"/>
              </lines>
            </method>
            <method name="getClient" hits="398" signature="()V">
              <lines>
                <line number="29" hits="398"/>
              </lines>
            </method>
          </methods>
          <lines>
            <line number="1" hits="1" branch="false"/>
            <line number="2" hits="1" branch="false"/>
            <line number="4" hits="1" branch="false"/>
            <line number="6" hits="1" branch="false"/>
            <line number="7" hits="4" branch="false"/>
            <line number="16" hits="1" branch="false"/>
            <line number="17" hits="5" branch="false"/>
            <line number="25" hits="5" branch="false"/>
            <line number="26" hits="5" branch="false"/>
            <line number="29" hits="1" branch="false"/>
            <line number="30" hits="398" branch="false"/>
            <line number="33" hits="1" branch="false"/>
          </lines>
        </class>
      </classes>
    </package>
  </packages>
</coverage>
